{"numTotalTestSuites":57,"numPassedTestSuites":28,"numFailedTestSuites":29,"numPendingTestSuites":0,"numTotalTests":129,"numPassedTests":92,"numFailedTests":37,"numPendingTests":0,"numTodoTests":0,"snapshot":{"added":0,"failure":false,"filesAdded":0,"filesRemoved":0,"filesRemovedList":[],"filesUnmatched":0,"filesUpdated":0,"matched":0,"total":0,"unchecked":0,"uncheckedKeysByFile":[],"unmatched":0,"updated":0,"didUpdate":false},"startTime":1784323011011,"success":false,"testResults":[{"assertionResults":[{"ancestorTitles":["offline honesty (initial status is offline — no store update needed)"],"fullName":"offline honesty (initial status is offline — no store update needed) renders cached snapshot rows with the honest offline badge + subtitle","status":"failed","title":"renders cached snapshot rows with the honest offline badge + subtitle","duration":315.2476999999999,"failureMessages":["TestingLibraryElementError: Unable to find an element with the text: Cached predictions — API offline. This could be because the text is broken up by multiple elements. In this case, you can provide a function for your text matcher to make your matcher more flexible.\n\nIgnored nodes: comments, script, style\n\u001b[36m<body>\u001b[39m\n  \u001b[36m<div>\u001b[39m\n    \u001b[36m<div\u001b[39m\n      \u001b[33mid\u001b[39m=\u001b[32m\"classifications-table\"\u001b[39m\n      \u001b[33mstyle\u001b[39m=\u001b[32m\"background: var(--bg-card); border: 1px solid var(--border-default); border-radius: var(--radius-md, 8px); overflow: hidden; transition: border-color 150ms ease;\"\u001b[39m\n    \u001b[36m>\u001b[39m\n      \u001b[36m<div\u001b[39m\n        \u001b[33mstyle\u001b[39m=\u001b[32m\"height: var(--density-widget-head-h); padding: 0 var(--density-widget-pad-x, 20px); box-sizing: border-box; display: flex; align-items: center; justify-content: space-between; border-bottom: 1px solid var(--border-default);\"\u001b[39m\n      \u001b[36m>\u001b[39m\n        \u001b[36m<div>\u001b[39m\n          \u001b[36m<h2\u001b[39m\n            \u001b[33mstyle\u001b[39m=\u001b[32m\"font-size: var(--font-size-md, 15px); font-weight: 600; color: var(--text-primary); letter-spacing: var(--tracking-title, -0.2px);\"\u001b[39m\n          \u001b[36m>\u001b[39m\n            \u001b[0mRecent Classifications\u001b[0m\n          \u001b[36m</h2>\u001b[39m\n          \u001b[36m<p\u001b[39m\n            \u001b[33mstyle\u001b[39m=\u001b[32m\"font-size: var(--font-size-sm, 12px); color: var(--text-muted); margin-top: 1px;\"\u001b[39m\n          \u001b[36m>\u001b[39m\n            \u001b[0mCached snapshot\u001b[0m\n          \u001b[36m</p>\u001b[39m\n        \u001b[36m</div>\u001b[39m\n        \u001b[36m<div\u001b[39m\n          \u001b[33mstyle\u001b[39m=\u001b[32m\"display: flex; align-items: center; gap: 10px;\"\u001b[39m\n        \u001b[36m>\u001b[39m\n          \u001b[36m<button\u001b[39m\n            \u001b[33mstyle\u001b[39m=\u001b[32m\"display: flex; align-items: center; gap: 6px; padding: 5px 10px; border-radius: var(--radius-sm, 6px); border: 1px solid var(--border-default); background: var(--color-control-ghost-bg, transparent); color: var(--text-secondary); font-size: var(--font-size-sm, 12px); cursor: pointer;\"\u001b[39m\n            \u001b[33mtitle\u001b[39m=\u001b[32m\"Export filtered results as CSV\"\u001b[39m\n            \u001b[33mtype\u001b[39m=\u001b[32m\"button\"\u001b[39m\n          \u001b[36m>\u001b[39m\n            \u001b[36m<svg\u001b[39m\n              \u001b[33maria-hidden\u001b[39m=\u001b[32m\"true\"\u001b[39m\n              \u001b[33mclass\u001b[39m=\u001b[32m\"lucide lucide-download\"\u001b[39m\n              \u001b[33mfill\u001b[39m=\u001b[32m\"none\"\u001b[39m\n              \u001b[33mheight\u001b[39m=\u001b[32m\"14\"\u001b[39m\n              \u001b[33mstroke\u001b[39m=\u001b[32m\"currentColor\"\u001b[39m\n              \u001b[33mstroke-linecap\u001b[39m=\u001b[32m\"round\"\u001b[39m\n              \u001b[33mstroke-linejoin\u001b[39m=\u001b[32m\"round\"\u001b[39m\n              \u001b[33mstroke-width\u001b[39m=\u001b[32m\"2\"\u001b[39m\n              \u001b[33mviewBox\u001b[39m=\u001b[32m\"0 0 24 24\"\u001b[39m\n              \u001b[33mwidth\u001b[39m=\u001b[32m\"14\"\u001b[39m\n              \u001b[33mxmlns\u001b[39m=\u001b[32m\"http://www.w3.org/2000/svg\"\u001b[39m\n            \u001b[36m>\u001b[39m\n              \u001b[36m<path\u001b[39m\n                \u001b[33md\u001b[39m=\u001b[32m\"M12 15V3\"\u001b[39m\n              \u001b[36m/>\u001b[39m\n              \u001b[36m<path\u001b[39m\n                \u001b[33md\u001b[39m=\u001b[32m\"M21 15v4a2 2 0 0 1-2 2H5a2 2 0 0 1-2-2v-4\"\u001b[39m\n              \u001b[36m/>\u001b[39m\n              \u001b[36m<path\u001b[39m\n                \u001b[33md\u001b[39m=\u001b[32m\"m7 10 5 5 5-5\"\u001b[39m\n              \u001b[36m/>\u001b[39m\n            \u001b[36m</svg>\u001b[39m\n            \u001b[0mExport CSV\u001b[0m\n          \u001b[36m</button>\u001b[39m\n          \u001b[36m<span\u001b[39m\n            \u001b[33mstyle\u001b[39m=\u001b[32m\"font-size: var(--badge-font-size, 11px); font-weight: var(--badge-font-weight, 600); letter-spacing: var(--badge-letter-spacing, 0.4px); line-height: var(--badge-line-height, 16px); text-transform: uppercase; padding: var(--badge-pad-y, 2px) var(--badge-pad-x, 8px); border-radius: var(--radius-badge, 4px); color: var(--badge-cached-fg); background: var(--badge-cached-bg); border: 1px solid var(--badge-cached-border); white-space: nowrap;\"\u001b[39m\n          \u001b[36m>\u001b[39m\n            \u001b[0mCached\u001b[0m\n          \u001b[36m</span>\u001b[39m\n        \u001b[36m</div>\u001b[39m\n      \u001b[36m</div>\u001b[39m\n      \u001b[36m<div\u001b[39m\n        \u001b[33mstyle\u001b[39m=\u001b[32m\"overflow-x: auto;\"\u001b[39m\n      \u001b[36m>\u001b[39m\n        \u001b[36m<table\u001b[39m\n          \u001b[33mstyle\u001b[39m=\u001b[32m\"width: 100%; border-collapse: collapse; table-layout: fixed; min-width: 960px;\"\u001b[39m\n        \u001b[36m>\u001b[39m\n          \u001b[36m<thead>\u001b[39m\n            \u001b[36m<tr\u001b[39m\n              \u001b[33mstyle\u001b[39m=\u001b[32m\"border-bottom: 1px solid var(--border-default);\"\u001b[39m\n            \u001b[36m>\u001b[39m\n              \u001b[36m<th\u001b[39m\n                \u001b[33maria-sort\u001b[39m=\u001b[32m\"none\"\u001b[39m\n                \u001b[33mscope\u001b[39m=\u001b[32m\"col\"\u001b[39m\n                \u001b[33mstyle\u001b[39m=\u001b[32m\"padding: 6px 12px; font-size: var(--font-size-micro, 11px); font-weight: 600; text-transform: uppercase; letter-spacing: var(--tracking-th, 0.5px); color: var(--text-muted); text-align: left; white-space: nowrap; height: var(--density-table-head-h, 36px); box-sizing: border-box; overflow: hidden; text-overflow: ellipsis; width: 96px;\"\u001b[39m\n              \u001b[36m>\u001b[39m\n                \u001b[36m<button\u001b[39m\n                  \u001b[33mstyle\u001b[39m=\u001b[32m\"background: transparent; border: medium; cursor: pointer; display: inline-flex; align-items: center; gap: 4px; padding: 0px; font: inherit; color: inherit; text-transform: inherit; letter-spacing: inherit; max-width: 100%;\"\u001b[39m\n                  \u001b[33mtype\u001b[39m=\u001b[32m\"button\"\u001b[39m\n                \u001b[36m>\u001b[39m\n                  \u001b[0mTicket ID\u001b[0m\n                  \u001b[36m<span\u001b[39m\n                    \u001b[33mstyle\u001b[39m=\u001b[32m\"font-size: var(--font-size-micro, 11px); color: var(--text-muted);\"\u001b[39m\n                  \u001b[36m/>\u001b[39m\n                \u001b[36m</button>\u001b[39m\n              \u001b[36m</th>\u001b[39m\n              \u001b[36m<th\u001b[39m\n                \u001b[33maria-sort\u001b[39m=\u001b[32m\"none\"\u001b[39m\n                \u001b[33mscope\u001b[39m=\u001b[32m\"col\"\u001b[39m\n                \u001b[33mstyle\u001b[39m=\u001b[32m\"padding: 6px 12px; font-size: var(--font-size-micro, 11px); font-weight: 600; text-transform: uppercase; letter-spacing: var(--tracking-th, 0.5px); color: var(--text-muted); text-align: left; white-space: nowrap; height: var(--density-table-head-h, 36px); box-sizing: border-box; overflow: hidden; text-overflow: ellipsis; width: 26%;\"\u001b[39m\n              \u001b[36m>\u001b[39m\n                \u001b[0mSubject\u001b[0m\n              \u001b[36m</th>\u001b[39m\n              \u001b[36m<th\u001b[39m\n                \u001b[33maria-sort\u001b[39m=\u001b[32m\"none\"\u001b[39m\n                \u001b[33mscope\u001b[39m=\u001b[32m\"col\"\u001b[39m\n                \u001b[33mstyle\u001b[39m=\u001b[32m\"padding: 6px 12px; font-size: var(--font-size-micro, 11px); font-weight: 600; text-transform: uppercase; letter-spacing: var(--tracking-th, 0.5px); color: var(--text-muted); text-align: left; white-space: nowrap; height: var(--density-table-head-h, 36px); box-sizing: border-box; overflow: hidden; text-overflow: ellipsis; width: 170px;\"\u001b[39m\n              \u001b[36m>\u001b[39m\n                \u001b[36m<button\u001b[39m\n                  \u001b[33mstyle\u001b[39m=\u001b[32m\"background: transparent; border: medium; cursor: pointer; display: inline-flex; align-items: center; gap: 4px; padding: 0px; font: inherit; color: inherit; text-transform: inherit; letter-spacing: inherit; max-width: 100%;\"\u001b[39m\n                  \u001b[33mtype\u001b[39m=\u001b[32m\"button\"\u001b[39m\n                \u001b[36m>\u001b[39m\n                  \u001b[0mCategory\u001b[0m\n                  \u001b[36m<span\u001b[39m\n                    \u001b[33mstyle\u001b[39m=\u001b[32m\"font-size: var(--font-size-micro, 11px); color: var(--text-muted);\"\u001b[39m\n                  \u001b[36m/>\u001b[39m\n                \u001b[36m</button>\u001b[39m\n              \u001b[36m</th>\u001b[39m\n              \u001b[36m<th\u001b[39m\n                \u001b[33mar...\n    at Object.getElementError (D:\\ComfyUI\\ticketsec-arm64-dashboard\\node_modules\\@testing-library\\dom\\dist\\config.js:37:19)\n    at D:\\ComfyUI\\ticketsec-arm64-dashboard\\node_modules\\@testing-library\\dom\\dist\\query-helpers.js:76:38\n    at D:\\ComfyUI\\ticketsec-arm64-dashboard\\node_modules\\@testing-library\\dom\\dist\\query-helpers.js:52:17\n    at D:\\ComfyUI\\ticketsec-arm64-dashboard\\node_modules\\@testing-library\\dom\\dist\\query-helpers.js:95:19\n    at D:/ComfyUI/ticketsec-arm64-dashboard/tests/components/ClassificationTable.test.tsx:86:19\n    at file:///D:/ComfyUI/ticketsec-arm64-dashboard/node_modules/@vitest/runner/dist/chunk-artifact.js:1903:20"],"meta":{},"tags":[]},{"ancestorTitles":["offline honesty (initial status is offline — no store update needed)"],"fullName":"offline honesty (initial status is offline — no store update needed) empty store → honest empty state, NO rows fabricated, NO export button","status":"failed","title":"empty store → honest empty state, NO rows fabricated, NO export button","duration":92.47530000000006,"failureMessages":["TestingLibraryElementError: Unable to find an element with the text: No classifications yet. Submit a ticket to begin.. This could be because the text is broken up by multiple elements. In this case, you can provide a function for your text matcher to make your matcher more flexible.\n\nIgnored nodes: comments, script, style\n\u001b[36m<body>\u001b[39m\n  \u001b[36m<div>\u001b[39m\n    \u001b[36m<div\u001b[39m\n      \u001b[33mid\u001b[39m=\u001b[32m\"classifications-table\"\u001b[39m\n      \u001b[33mstyle\u001b[39m=\u001b[32m\"background: var(--bg-card); border: 1px solid var(--border-default); border-radius: var(--radius-md, 8px); overflow: hidden; transition: border-color 150ms ease;\"\u001b[39m\n    \u001b[36m>\u001b[39m\n      \u001b[36m<div\u001b[39m\n        \u001b[33mstyle\u001b[39m=\u001b[32m\"height: var(--density-widget-head-h); padding: 0 var(--density-widget-pad-x, 20px); box-sizing: border-box; display: flex; align-items: center; justify-content: space-between; border-bottom: 1px solid var(--border-default);\"\u001b[39m\n      \u001b[36m>\u001b[39m\n        \u001b[36m<div>\u001b[39m\n          \u001b[36m<h2\u001b[39m\n            \u001b[33mstyle\u001b[39m=\u001b[32m\"font-size: var(--font-size-md, 15px); font-weight: 600; color: var(--text-primary); letter-spacing: var(--tracking-title, -0.2px);\"\u001b[39m\n          \u001b[36m>\u001b[39m\n            \u001b[0mRecent Classifications\u001b[0m\n          \u001b[36m</h2>\u001b[39m\n          \u001b[36m<p\u001b[39m\n            \u001b[33mstyle\u001b[39m=\u001b[32m\"font-size: var(--font-size-sm, 12px); color: var(--text-muted); margin-top: 1px;\"\u001b[39m\n          \u001b[36m>\u001b[39m\n            \u001b[0mCached snapshot\u001b[0m\n          \u001b[36m</p>\u001b[39m\n        \u001b[36m</div>\u001b[39m\n        \u001b[36m<div\u001b[39m\n          \u001b[33mstyle\u001b[39m=\u001b[32m\"display: flex; align-items: center; gap: 10px;\"\u001b[39m\n        \u001b[36m/>\u001b[39m\n      \u001b[36m</div>\u001b[39m\n      \u001b[36m<div\u001b[39m\n        \u001b[33mstyle\u001b[39m=\u001b[32m\"overflow-x: auto;\"\u001b[39m\n      \u001b[36m>\u001b[39m\n        \u001b[36m<table\u001b[39m\n          \u001b[33mstyle\u001b[39m=\u001b[32m\"width: 100%; border-collapse: collapse; table-layout: fixed; min-width: 960px;\"\u001b[39m\n        \u001b[36m>\u001b[39m\n          \u001b[36m<thead>\u001b[39m\n            \u001b[36m<tr\u001b[39m\n              \u001b[33mstyle\u001b[39m=\u001b[32m\"border-bottom: 1px solid var(--border-default);\"\u001b[39m\n            \u001b[36m>\u001b[39m\n              \u001b[36m<th\u001b[39m\n                \u001b[33maria-sort\u001b[39m=\u001b[32m\"none\"\u001b[39m\n                \u001b[33mscope\u001b[39m=\u001b[32m\"col\"\u001b[39m\n                \u001b[33mstyle\u001b[39m=\u001b[32m\"padding: 6px 12px; font-size: var(--font-size-micro, 11px); font-weight: 600; text-transform: uppercase; letter-spacing: var(--tracking-th, 0.5px); color: var(--text-muted); text-align: left; white-space: nowrap; height: var(--density-table-head-h, 36px); box-sizing: border-box; overflow: hidden; text-overflow: ellipsis; width: 96px;\"\u001b[39m\n              \u001b[36m>\u001b[39m\n                \u001b[36m<button\u001b[39m\n                  \u001b[33mstyle\u001b[39m=\u001b[32m\"background: transparent; border: medium; cursor: pointer; display: inline-flex; align-items: center; gap: 4px; padding: 0px; font: inherit; color: inherit; text-transform: inherit; letter-spacing: inherit; max-width: 100%;\"\u001b[39m\n                  \u001b[33mtype\u001b[39m=\u001b[32m\"button\"\u001b[39m\n                \u001b[36m>\u001b[39m\n                  \u001b[0mTicket ID\u001b[0m\n                  \u001b[36m<span\u001b[39m\n                    \u001b[33mstyle\u001b[39m=\u001b[32m\"font-size: var(--font-size-micro, 11px); color: var(--text-muted);\"\u001b[39m\n                  \u001b[36m/>\u001b[39m\n                \u001b[36m</button>\u001b[39m\n              \u001b[36m</th>\u001b[39m\n              \u001b[36m<th\u001b[39m\n                \u001b[33maria-sort\u001b[39m=\u001b[32m\"none\"\u001b[39m\n                \u001b[33mscope\u001b[39m=\u001b[32m\"col\"\u001b[39m\n                \u001b[33mstyle\u001b[39m=\u001b[32m\"padding: 6px 12px; font-size: var(--font-size-micro, 11px); font-weight: 600; text-transform: uppercase; letter-spacing: var(--tracking-th, 0.5px); color: var(--text-muted); text-align: left; white-space: nowrap; height: var(--density-table-head-h, 36px); box-sizing: border-box; overflow: hidden; text-overflow: ellipsis; width: 26%;\"\u001b[39m\n              \u001b[36m>\u001b[39m\n                \u001b[0mSubject\u001b[0m\n              \u001b[36m</th>\u001b[39m\n              \u001b[36m<th\u001b[39m\n                \u001b[33maria-sort\u001b[39m=\u001b[32m\"none\"\u001b[39m\n                \u001b[33mscope\u001b[39m=\u001b[32m\"col\"\u001b[39m\n                \u001b[33mstyle\u001b[39m=\u001b[32m\"padding: 6px 12px; font-size: var(--font-size-micro, 11px); font-weight: 600; text-transform: uppercase; letter-spacing: var(--tracking-th, 0.5px); color: var(--text-muted); text-align: left; white-space: nowrap; height: var(--density-table-head-h, 36px); box-sizing: border-box; overflow: hidden; text-overflow: ellipsis; width: 170px;\"\u001b[39m\n              \u001b[36m>\u001b[39m\n                \u001b[36m<button\u001b[39m\n                  \u001b[33mstyle\u001b[39m=\u001b[32m\"background: transparent; border: medium; cursor: pointer; display: inline-flex; align-items: center; gap: 4px; padding: 0px; font: inherit; color: inherit; text-transform: inherit; letter-spacing: inherit; max-width: 100%;\"\u001b[39m\n                  \u001b[33mtype\u001b[39m=\u001b[32m\"button\"\u001b[39m\n                \u001b[36m>\u001b[39m\n                  \u001b[0mCategory\u001b[0m\n                  \u001b[36m<span\u001b[39m\n                    \u001b[33mstyle\u001b[39m=\u001b[32m\"font-size: var(--font-size-micro, 11px); color: var(--text-muted);\"\u001b[39m\n                  \u001b[36m/>\u001b[39m\n                \u001b[36m</button>\u001b[39m\n              \u001b[36m</th>\u001b[39m\n              \u001b[36m<th\u001b[39m\n                \u001b[33maria-sort\u001b[39m=\u001b[32m\"none\"\u001b[39m\n                \u001b[33mscope\u001b[39m=\u001b[32m\"col\"\u001b[39m\n                \u001b[33mstyle\u001b[39m=\u001b[32m\"padding: 6px 12px; font-size: var(--font-size-micro, 11px); font-weight: 600; text-transform: uppercase; letter-spacing: var(--tracking-th, 0.5px); color: var(--text-muted); text-align: left; white-space: nowrap; height: var(--density-table-head-h, 36px); box-sizing: border-box; overflow: hidden; text-overflow: ellipsis; width: 104px;\"\u001b[39m\n              \u001b[36m>\u001b[39m\n                \u001b[36m<button\u001b[39m\n                  \u001b[33mstyle\u001b[39m=\u001b[32m\"background: transparent; border: medium; cursor: pointer; display: inline-flex; align-items: center; gap: 4px; padding: 0px; font: inherit; color: inherit; text-transform: inherit; letter-spacing: inherit; max-width: 100%;\"\u001b[39m\n                  \u001b[33mtype\u001b[39m=\u001b[32m\"button\"\u001b[39m\n                \u001b[36m>\u001b[39m\n                  \u001b[0mSeverity\u001b[0m\n                  \u001b[36m<span\u001b[39m\n                    \u001b[33mstyle\u001b[39m=\u001b[32m\"font-size: var(--font-size-micro, 11px); color: var(--text-muted);\"\u001b[39m\n                  \u001b[36m/>\u001b[39m\n                \u001b[36m</button>\u001b[39m\n              \u001b[36m</th>\u001b[39m\n              \u001b[36m<th\u001b[39m\n                \u001b[33maria-sort\u001b[39m=\u001b[32m\"none\"\u001b[39m\n                \u001b[33mscope\u001b[39m=\u001b[32m\"col\"\u001b[39m\n                \u001b[33mstyle\u001b[39m=\u001b[32m\"padding: 6px 12px; font-size: var(--font-size-micro, 11px); font-weight: 600; text-transform: uppercase; letter-spacing: var(--tracking-th, 0.5px); color: var(--text-muted); text-align: left; white-space: nowrap; height: var(--density-table-head-h, 36px); box-sizing: border-box; overflow: hidden; text-overflow: ellipsis; width: 128px;\"\u001b[39m\n              \u001b[36m>\u001b[39m\n                \u001b[36m<button\u001b[39m\n                  \u001b[33mstyle\u001b[39m=\u001b[32m\"background: transparent; border: medium; cursor: pointer; display: inline-flex; align-items: center; gap: 4px; padding: 0px; font: inherit; color: inherit; text-transform: inherit; letter-spacing: inherit; max-width: 100%;\"\u001b[39m\n                  \u001b[33mtype\u001b[39m=\u001b[32m\"button\"\u001b[39m\n                \u001b[36m>\u001b[39m\n                  \u001b[0mConfidence\u001b[0m\n                  \u001b[36m<span\u001b[39m\n                    \u001b[33mstyle\u001b[39m=\u001b[32m\"font-size: var(--font-size-micro, 11px); color: var(--text-muted);\"\u001b[39m\n                  \u001b[36m/>\u001b[39m\n                \u001b[36m</button>\u001b[39m\n              \u001b[36m</th>\u001b[39m\n              \u001b[36m<th\u001b[39m\n                \u001b[33maria-sort\u001b[39m=\u001b[32m\"none\"\u001b[39m\n                \u001b[33mscope\u001b[39m=\u001b[32m\"col\"\u001b[39m\n                \u001b[33mstyle\u001b[39m=\u001b[32m\"padding: 6px 12px; font-size: var(--font-size-micro, 11px); font-weight: 600; text-transform: uppercase; letter-spacing: var(--tracking-th, 0.5px); color: var(--text-muted); text-align: left; white-space: nowrap; height: var(--density-table-head-h, 36px); box-sizing: border-box; overflow: hidden; text-overflow: ellipsis; width: 104px;\"\u001b[39m\n              \u001b[36m>\u001b[39m\n                \u001b[36m<button\u001b[39m\n                  \u001b[33mstyle\u001b[39m=\u001b[32m\"background: transparent; border: medium; cursor: pointer; display: inline-flex; align-items: center; gap: 4px; padding: 0px; font: inherit; color: inherit; text-transform: inherit; letter-spacing: inherit; max-width: 100%;\"\u001b[39m\n                  \u001b[33mtype\u001b[39m=\u001b[32m\"button\"\u001b[39m\n                \u001b[36m>\u001b[39m\n                  \u001b[0mStatus\u001b[0m\n                  \u001b[36m<span\u001b[39m\n                    \u001b[33mstyle\u001b[39m=\u001b[32m\"font-size: var(--font-size-micro, 11px); color: var(--text-muted);\"\u001b[39m\n                  \u001b[36m/>\u001b[39m\n                \u001b[36m</button>\u001b[39m\n              \u001b[36m</th>\u001b[39m\n              \u001b[36m<th\u001b[39m\n                \u001b[33maria-sort\u001b[39m=\u001b[32m\"none\"\u001b[39m\n                \u001b[33mscope\u001b[39m=\u001b[32m\"col\"\u001b[39m\n                \u001b[33mstyle\u001b[39m=\u001b[32m\"padding: 6px 12px; font-size: var(--font-size-micro, 11px); font-weight: 600; text-transform: uppercase; letter-spacing: var(--tracking-th, 0.5px); color: var(--text-muted); text-align: left; white-space: nowrap; height: var(--density-table-head-h, 36px); box-sizing: border-box; overflow: hidden; text-overflow: ellipsis; width: 128px;\"\u001b[39m\n              \u001b[36m>\u001b[39m\n                \u001b[0mAssigned To\u001b[0m\n              \u001b[36m</th>\u001b[39m\n              \u001b[36m<th\u001b[39m\n                \u001b[33maria-sort\u001b[39m=\u001b[32m\"descending\"\u001b[39m\n                \u001b[33mscope\u001b[39m=\u001b[32m\"col\"\u001b[39m\n                \u001b[33mstyle\u001b[39m=\u001b[32m\"padding: 6px 12px; font-size: var(--font-size-micro, 11px); font-weight: 600; text-transform: uppercase; letter-spacing: var(--tracking-th, 0.5px); color: var(--text-muted); text-align: left; white-space: nowrap; height: var(--density-table-head-h, 36px); box-sizing: border-box; overflow: hidden; text-overflow: ellipsis; width: 88px;\"\u001b[39m\n              \u001b[36m>\u001b[39m\n                \u001b[36m<button\u001b[39m\n                  \u001b[33mstyle\u001b[39m=\u001b[32m\"background: transparent; border: medium; cursor: pointer; display: inline-flex; align-items: center; gap: 4px; padding: 0px; font: inherit; color: inherit; text-transform: inherit; letter-spacing: inherit; max-width: 100%;\"\u001b[39m\n                  \u001b[33mtype\u001b[39m=\u001b[32m\"button\"\u001b[39m\n                \u001b[36m>\u001b[39m\n                  \u001b[0mTime\u001b[0m\n                  \u001b[36m<span\u001b[39m\n                    \u001b[33mstyle\u001b[39m=\u001b[32m\"font-size: var(--font-size-micro, 11px); color: var(--text-primary);\"\u001b[39m\n                  \u001b[36m>\u001b[39m\n                    \u001b[0m▼\u001b[0m\n                  \u001b[36m</span>\u001b[39m\n                \u001b[36m</button>\u001b[39m\n              \u001b[36m</th>\u001b[39m\n            \u001b[36m</tr>\u001b[39m\n          \u001b[36m</thead>\u001b[39m\n          \u001b[36m<tbody>\u001b[39m\n            \u001b[36m<tr>\u001b[39m\n              \u001b[36m<td\u001b[39m\n                \u001b[33mcolspan\u001b[39m=\u001b[32m\"8\"\u001b[39m\n                \u001b[33mstyle\u001b[39m=\u001b[32m\"padding: 32px 16px; text-align: center; font-size: var(--font-size-base, 13px); color: var(--text-muted);\"\u001b[39m\n              \u001b[36m>\u001b[39m\n                \u001b[0mUnavailable — API offline · no cached classifications\u001b[0m\n              \u001b[36m</td>\u001b[39m\n            \u001b[36m</tr>\u001b[39m\n          \u001b[36m</tbody>\u001b[39m\n        \u001b[36m</table>\u001b[39m\n      \u001b[36m</div>\u001b[39m\n    \u001b[36m</div>\u001b[39m\n  \u001b[36m</div>\u001b[39m\n\u001b[36m</body>\u001b[39m\n    at Object.getElementError (D:\\ComfyUI\\ticketsec-arm64-dashboard\\node_modules\\@testing-library\\dom\\dist\\config.js:37:19)\n    at D:\\ComfyUI\\ticketsec-arm64-dashboard\\node_modules\\@testing-library\\dom\\dist\\query-helpers.js:76:38\n    at D:\\ComfyUI\\ticketsec-arm64-dashboard\\node_modules\\@testing-library\\dom\\dist\\query-helpers.js:52:17\n    at D:\\ComfyUI\\ticketsec-arm64-dashboard\\node_modules\\@testing-library\\dom\\dist\\query-helpers.js:95:19\n    at D:/ComfyUI/ticketsec-arm64-dashboard/tests/components/ClassificationTable.test.tsx:93:19\n    at file:///D:/ComfyUI/ticketsec-arm64-dashboard/node_modules/@vitest/runner/dist/chunk-artifact.js:302:11\n    at file:///D:/ComfyUI/ticketsec-arm64-dashboard/node_modules/@vitest/runner/dist/chunk-artifact.js:1903:26\n    at file:///D:/ComfyUI/ticketsec-arm64-dashboard/node_modules/@vitest/runner/dist/chunk-artifact.js:2326:20\n    at new Promise (<anonymous>)\n    at runWithCancel (file:///D:/ComfyUI/ticketsec-arm64-dashboard/node_modules/@vitest/runner/dist/chunk-artifact.js:2323:10)"],"meta":{},"tags":[]},{"ancestorTitles":["offline honesty (initial status is offline — no store update needed)"],"fullName":"offline honesty (initial status is offline — no store update needed) footer reads \"Snapshot: cached\" (never claims live)","status":"failed","title":"footer reads \"Snapshot: cached\" (never claims live)","duration":133.2516000000005,"failureMessages":["TestingLibraryElementError: Unable to find an element with the text: Snapshot: cached. This could be because the text is broken up by multiple elements. In this case, you can provide a function for your text matcher to make your matcher more flexible.\n\nIgnored nodes: comments, script, style\n\u001b[36m<body>\u001b[39m\n  \u001b[36m<div>\u001b[39m\n    \u001b[36m<div\u001b[39m\n      \u001b[33mid\u001b[39m=\u001b[32m\"classifications-table\"\u001b[39m\n      \u001b[33mstyle\u001b[39m=\u001b[32m\"background: var(--bg-card); border: 1px solid var(--border-default); border-radius: var(--radius-md, 8px); overflow: hidden; transition: border-color 150ms ease;\"\u001b[39m\n    \u001b[36m>\u001b[39m\n      \u001b[36m<div\u001b[39m\n        \u001b[33mstyle\u001b[39m=\u001b[32m\"height: var(--density-widget-head-h); padding: 0 var(--density-widget-pad-x, 20px); box-sizing: border-box; display: flex; align-items: center; justify-content: space-between; border-bottom: 1px solid var(--border-default);\"\u001b[39m\n      \u001b[36m>\u001b[39m\n        \u001b[36m<div>\u001b[39m\n          \u001b[36m<h2\u001b[39m\n            \u001b[33mstyle\u001b[39m=\u001b[32m\"font-size: var(--font-size-md, 15px); font-weight: 600; color: var(--text-primary); letter-spacing: var(--tracking-title, -0.2px);\"\u001b[39m\n          \u001b[36m>\u001b[39m\n            \u001b[0mRecent Classifications\u001b[0m\n          \u001b[36m</h2>\u001b[39m\n          \u001b[36m<p\u001b[39m\n            \u001b[33mstyle\u001b[39m=\u001b[32m\"font-size: var(--font-size-sm, 12px); color: var(--text-muted); margin-top: 1px;\"\u001b[39m\n          \u001b[36m>\u001b[39m\n            \u001b[0mCached snapshot\u001b[0m\n          \u001b[36m</p>\u001b[39m\n        \u001b[36m</div>\u001b[39m\n        \u001b[36m<div\u001b[39m\n          \u001b[33mstyle\u001b[39m=\u001b[32m\"display: flex; align-items: center; gap: 10px;\"\u001b[39m\n        \u001b[36m>\u001b[39m\n          \u001b[36m<button\u001b[39m\n            \u001b[33mstyle\u001b[39m=\u001b[32m\"display: flex; align-items: center; gap: 6px; padding: 5px 10px; border-radius: var(--radius-sm, 6px); border: 1px solid var(--border-default); background: var(--color-control-ghost-bg, transparent); color: var(--text-secondary); font-size: var(--font-size-sm, 12px); cursor: pointer;\"\u001b[39m\n            \u001b[33mtitle\u001b[39m=\u001b[32m\"Export filtered results as CSV\"\u001b[39m\n            \u001b[33mtype\u001b[39m=\u001b[32m\"button\"\u001b[39m\n          \u001b[36m>\u001b[39m\n            \u001b[36m<svg\u001b[39m\n              \u001b[33maria-hidden\u001b[39m=\u001b[32m\"true\"\u001b[39m\n              \u001b[33mclass\u001b[39m=\u001b[32m\"lucide lucide-download\"\u001b[39m\n              \u001b[33mfill\u001b[39m=\u001b[32m\"none\"\u001b[39m\n              \u001b[33mheight\u001b[39m=\u001b[32m\"14\"\u001b[39m\n              \u001b[33mstroke\u001b[39m=\u001b[32m\"currentColor\"\u001b[39m\n              \u001b[33mstroke-linecap\u001b[39m=\u001b[32m\"round\"\u001b[39m\n              \u001b[33mstroke-linejoin\u001b[39m=\u001b[32m\"round\"\u001b[39m\n              \u001b[33mstroke-width\u001b[39m=\u001b[32m\"2\"\u001b[39m\n              \u001b[33mviewBox\u001b[39m=\u001b[32m\"0 0 24 24\"\u001b[39m\n              \u001b[33mwidth\u001b[39m=\u001b[32m\"14\"\u001b[39m\n              \u001b[33mxmlns\u001b[39m=\u001b[32m\"http://www.w3.org/2000/svg\"\u001b[39m\n            \u001b[36m>\u001b[39m\n              \u001b[36m<path\u001b[39m\n                \u001b[33md\u001b[39m=\u001b[32m\"M12 15V3\"\u001b[39m\n              \u001b[36m/>\u001b[39m\n              \u001b[36m<path\u001b[39m\n                \u001b[33md\u001b[39m=\u001b[32m\"M21 15v4a2 2 0 0 1-2 2H5a2 2 0 0 1-2-2v-4\"\u001b[39m\n              \u001b[36m/>\u001b[39m\n              \u001b[36m<path\u001b[39m\n                \u001b[33md\u001b[39m=\u001b[32m\"m7 10 5 5 5-5\"\u001b[39m\n              \u001b[36m/>\u001b[39m\n            \u001b[36m</svg>\u001b[39m\n            \u001b[0mExport CSV\u001b[0m\n          \u001b[36m</button>\u001b[39m\n          \u001b[36m<span\u001b[39m\n            \u001b[33mstyle\u001b[39m=\u001b[32m\"font-size: var(--badge-font-size, 11px); font-weight: var(--badge-font-weight, 600); letter-spacing: var(--badge-letter-spacing, 0.4px); line-height: var(--badge-line-height, 16px); text-transform: uppercase; padding: var(--badge-pad-y, 2px) var(--badge-pad-x, 8px); border-radius: var(--radius-badge, 4px); color: var(--badge-cached-fg); background: var(--badge-cached-bg); border: 1px solid var(--badge-cached-border); white-space: nowrap;\"\u001b[39m\n          \u001b[36m>\u001b[39m\n            \u001b[0mCached\u001b[0m\n          \u001b[36m</span>\u001b[39m\n        \u001b[36m</div>\u001b[39m\n      \u001b[36m</div>\u001b[39m\n      \u001b[36m<div\u001b[39m\n        \u001b[33mstyle\u001b[39m=\u001b[32m\"overflow-x: auto;\"\u001b[39m\n      \u001b[36m>\u001b[39m\n        \u001b[36m<table\u001b[39m\n          \u001b[33mstyle\u001b[39m=\u001b[32m\"width: 100%; border-collapse: collapse; table-layout: fixed; min-width: 960px;\"\u001b[39m\n        \u001b[36m>\u001b[39m\n          \u001b[36m<thead>\u001b[39m\n            \u001b[36m<tr\u001b[39m\n              \u001b[33mstyle\u001b[39m=\u001b[32m\"border-bottom: 1px solid var(--border-default);\"\u001b[39m\n            \u001b[36m>\u001b[39m\n              \u001b[36m<th\u001b[39m\n                \u001b[33maria-sort\u001b[39m=\u001b[32m\"none\"\u001b[39m\n                \u001b[33mscope\u001b[39m=\u001b[32m\"col\"\u001b[39m\n                \u001b[33mstyle\u001b[39m=\u001b[32m\"padding: 6px 12px; font-size: var(--font-size-micro, 11px); font-weight: 600; text-transform: uppercase; letter-spacing: var(--tracking-th, 0.5px); color: var(--text-muted); text-align: left; white-space: nowrap; height: var(--density-table-head-h, 36px); box-sizing: border-box; overflow: hidden; text-overflow: ellipsis; width: 96px;\"\u001b[39m\n              \u001b[36m>\u001b[39m\n                \u001b[36m<button\u001b[39m\n                  \u001b[33mstyle\u001b[39m=\u001b[32m\"background: transparent; border: medium; cursor: pointer; display: inline-flex; align-items: center; gap: 4px; padding: 0px; font: inherit; color: inherit; text-transform: inherit; letter-spacing: inherit; max-width: 100%;\"\u001b[39m\n                  \u001b[33mtype\u001b[39m=\u001b[32m\"button\"\u001b[39m\n                \u001b[36m>\u001b[39m\n                  \u001b[0mTicket ID\u001b[0m\n                  \u001b[36m<span\u001b[39m\n                    \u001b[33mstyle\u001b[39m=\u001b[32m\"font-size: var(--font-size-micro, 11px); color: var(--text-muted);\"\u001b[39m\n                  \u001b[36m/>\u001b[39m\n                \u001b[36m</button>\u001b[39m\n              \u001b[36m</th>\u001b[39m\n              \u001b[36m<th\u001b[39m\n                \u001b[33maria-sort\u001b[39m=\u001b[32m\"none\"\u001b[39m\n                \u001b[33mscope\u001b[39m=\u001b[32m\"col\"\u001b[39m\n                \u001b[33mstyle\u001b[39m=\u001b[32m\"padding: 6px 12px; font-size: var(--font-size-micro, 11px); font-weight: 600; text-transform: uppercase; letter-spacing: var(--tracking-th, 0.5px); color: var(--text-muted); text-align: left; white-space: nowrap; height: var(--density-table-head-h, 36px); box-sizing: border-box; overflow: hidden; text-overflow: ellipsis; width: 26%;\"\u001b[39m\n              \u001b[36m>\u001b[39m\n                \u001b[0mSubject\u001b[0m\n              \u001b[36m</th>\u001b[39m\n              \u001b[36m<th\u001b[39m\n                \u001b[33maria-sort\u001b[39m=\u001b[32m\"none\"\u001b[39m\n                \u001b[33mscope\u001b[39m=\u001b[32m\"col\"\u001b[39m\n                \u001b[33mstyle\u001b[39m=\u001b[32m\"padding: 6px 12px; font-size: var(--font-size-micro, 11px); font-weight: 600; text-transform: uppercase; letter-spacing: var(--tracking-th, 0.5px); color: var(--text-muted); text-align: left; white-space: nowrap; height: var(--density-table-head-h, 36px); box-sizing: border-box; overflow: hidden; text-overflow: ellipsis; width: 170px;\"\u001b[39m\n              \u001b[36m>\u001b[39m\n                \u001b[36m<button\u001b[39m\n                  \u001b[33mstyle\u001b[39m=\u001b[32m\"background: transparent; border: medium; cursor: pointer; display: inline-flex; align-items: center; gap: 4px; padding: 0px; font: inherit; color: inherit; text-transform: inherit; letter-spacing: inherit; max-width: 100%;\"\u001b[39m\n                  \u001b[33mtype\u001b[39m=\u001b[32m\"button\"\u001b[39m\n                \u001b[36m>\u001b[39m\n                  \u001b[0mCategory\u001b[0m\n                  \u001b[36m<span\u001b[39m\n                    \u001b[33mstyle\u001b[39m=\u001b[32m\"font-size: var(--font-size-micro, 11px); color: var(--text-muted);\"\u001b[39m\n                  \u001b[36m/>\u001b[39m\n                \u001b[36m</button>\u001b[39m\n              \u001b[36m</th>\u001b[39m\n              \u001b[36m<th\u001b[39m\n                \u001b[33mar...\n    at Object.getElementError (D:\\ComfyUI\\ticketsec-arm64-dashboard\\node_modules\\@testing-library\\dom\\dist\\config.js:37:19)\n    at D:\\ComfyUI\\ticketsec-arm64-dashboard\\node_modules\\@testing-library\\dom\\dist\\query-helpers.js:76:38\n    at D:\\ComfyUI\\ticketsec-arm64-dashboard\\node_modules\\@testing-library\\dom\\dist\\query-helpers.js:52:17\n    at D:\\ComfyUI\\ticketsec-arm64-dashboard\\node_modules\\@testing-library\\dom\\dist\\query-helpers.js:95:19\n    at D:/ComfyUI/ticketsec-arm64-dashboard/tests/components/ClassificationTable.test.tsx:101:19\n    at file:///D:/ComfyUI/ticketsec-arm64-dashboard/node_modules/@vitest/runner/dist/chunk-artifact.js:302:11\n    at file:///D:/ComfyUI/ticketsec-arm64-dashboard/node_modules/@vitest/runner/dist/chunk-artifact.js:1903:26\n    at file:///D:/ComfyUI/ticketsec-arm64-dashboard/node_modules/@vitest/runner/dist/chunk-artifact.js:2326:20\n    at new Promise (<anonymous>)\n    at runWithCancel (file:///D:/ComfyUI/ticketsec-arm64-dashboard/node_modules/@vitest/runner/dist/chunk-artifact.js:2323:10)"],"meta":{},"tags":[]},{"ancestorTitles":["rendering details"],"fullName":"rendering details rows are 40px-token height (density contract)","status":"passed","title":"rows are 40px-token height (density contract)","duration":354.09770000000026,"failureMessages":[],"meta":{},"tags":[]},{"ancestorTitles":["rendering details"],"fullName":"rendering details severity dots carry accessible labels derived from category","status":"failed","title":"severity dots carry accessible labels derived from category","duration":144.09879999999976,"failureMessages":["TestingLibraryElementError: Unable to find a label with the text of: Severity: Critical\n\nIgnored nodes: comments, script, style\n\u001b[36m<body>\u001b[39m\n  \u001b[36m<div>\u001b[39m\n    \u001b[36m<div\u001b[39m\n      \u001b[33mid\u001b[39m=\u001b[32m\"classifications-table\"\u001b[39m\n      \u001b[33mstyle\u001b[39m=\u001b[32m\"background: var(--bg-card); border: 1px solid var(--border-default); border-radius: var(--radius-md, 8px); overflow: hidden; transition: border-color 150ms ease;\"\u001b[39m\n    \u001b[36m>\u001b[39m\n      \u001b[36m<div\u001b[39m\n        \u001b[33mstyle\u001b[39m=\u001b[32m\"height: var(--density-widget-head-h); padding: 0 var(--density-widget-pad-x, 20px); box-sizing: border-box; display: flex; align-items: center; justify-content: space-between; border-bottom: 1px solid var(--border-default);\"\u001b[39m\n      \u001b[36m>\u001b[39m\n        \u001b[36m<div>\u001b[39m\n          \u001b[36m<h2\u001b[39m\n            \u001b[33mstyle\u001b[39m=\u001b[32m\"font-size: var(--font-size-md, 15px); font-weight: 600; color: var(--text-primary); letter-spacing: var(--tracking-title, -0.2px);\"\u001b[39m\n          \u001b[36m>\u001b[39m\n            \u001b[0mRecent Classifications\u001b[0m\n          \u001b[36m</h2>\u001b[39m\n          \u001b[36m<p\u001b[39m\n            \u001b[33mstyle\u001b[39m=\u001b[32m\"font-size: var(--font-size-sm, 12px); color: var(--text-muted); margin-top: 1px;\"\u001b[39m\n          \u001b[36m>\u001b[39m\n            \u001b[0mCached snapshot\u001b[0m\n          \u001b[36m</p>\u001b[39m\n        \u001b[36m</div>\u001b[39m\n        \u001b[36m<div\u001b[39m\n          \u001b[33mstyle\u001b[39m=\u001b[32m\"display: flex; align-items: center; gap: 10px;\"\u001b[39m\n        \u001b[36m>\u001b[39m\n          \u001b[36m<button\u001b[39m\n            \u001b[33mstyle\u001b[39m=\u001b[32m\"display: flex; align-items: center; gap: 6px; padding: 5px 10px; border-radius: var(--radius-sm, 6px); border: 1px solid var(--border-default); background: var(--color-control-ghost-bg, transparent); color: var(--text-secondary); font-size: var(--font-size-sm, 12px); cursor: pointer;\"\u001b[39m\n            \u001b[33mtitle\u001b[39m=\u001b[32m\"Export filtered results as CSV\"\u001b[39m\n            \u001b[33mtype\u001b[39m=\u001b[32m\"button\"\u001b[39m\n          \u001b[36m>\u001b[39m\n            \u001b[36m<svg\u001b[39m\n              \u001b[33maria-hidden\u001b[39m=\u001b[32m\"true\"\u001b[39m\n              \u001b[33mclass\u001b[39m=\u001b[32m\"lucide lucide-download\"\u001b[39m\n              \u001b[33mfill\u001b[39m=\u001b[32m\"none\"\u001b[39m\n              \u001b[33mheight\u001b[39m=\u001b[32m\"14\"\u001b[39m\n              \u001b[33mstroke\u001b[39m=\u001b[32m\"currentColor\"\u001b[39m\n              \u001b[33mstroke-linecap\u001b[39m=\u001b[32m\"round\"\u001b[39m\n              \u001b[33mstroke-linejoin\u001b[39m=\u001b[32m\"round\"\u001b[39m\n              \u001b[33mstroke-width\u001b[39m=\u001b[32m\"2\"\u001b[39m\n              \u001b[33mviewBox\u001b[39m=\u001b[32m\"0 0 24 24\"\u001b[39m\n              \u001b[33mwidth\u001b[39m=\u001b[32m\"14\"\u001b[39m\n              \u001b[33mxmlns\u001b[39m=\u001b[32m\"http://www.w3.org/2000/svg\"\u001b[39m\n            \u001b[36m>\u001b[39m\n              \u001b[36m<path\u001b[39m\n                \u001b[33md\u001b[39m=\u001b[32m\"M12 15V3\"\u001b[39m\n              \u001b[36m/>\u001b[39m\n              \u001b[36m<path\u001b[39m\n                \u001b[33md\u001b[39m=\u001b[32m\"M21 15v4a2 2 0 0 1-2 2H5a2 2 0 0 1-2-2v-4\"\u001b[39m\n              \u001b[36m/>\u001b[39m\n              \u001b[36m<path\u001b[39m\n                \u001b[33md\u001b[39m=\u001b[32m\"m7 10 5 5 5-5\"\u001b[39m\n              \u001b[36m/>\u001b[39m\n            \u001b[36m</svg>\u001b[39m\n            \u001b[0mExport CSV\u001b[0m\n          \u001b[36m</button>\u001b[39m\n          \u001b[36m<span\u001b[39m\n            \u001b[33mstyle\u001b[39m=\u001b[32m\"font-size: var(--badge-font-size, 11px); font-weight: var(--badge-font-weight, 600); letter-spacing: var(--badge-letter-spacing, 0.4px); line-height: var(--badge-line-height, 16px); text-transform: uppercase; padding: var(--badge-pad-y, 2px) var(--badge-pad-x, 8px); border-radius: var(--radius-badge, 4px); color: var(--badge-cached-fg); background: var(--badge-cached-bg); border: 1px solid var(--badge-cached-border); white-space: nowrap;\"\u001b[39m\n          \u001b[36m>\u001b[39m\n            \u001b[0mCached\u001b[0m\n          \u001b[36m</span>\u001b[39m\n        \u001b[36m</div>\u001b[39m\n      \u001b[36m</div>\u001b[39m\n      \u001b[36m<div\u001b[39m\n        \u001b[33mstyle\u001b[39m=\u001b[32m\"overflow-x: auto;\"\u001b[39m\n      \u001b[36m>\u001b[39m\n        \u001b[36m<table\u001b[39m\n          \u001b[33mstyle\u001b[39m=\u001b[32m\"width: 100%; border-collapse: collapse; table-layout: fixed; min-width: 960px;\"\u001b[39m\n        \u001b[36m>\u001b[39m\n          \u001b[36m<thead>\u001b[39m\n            \u001b[36m<tr\u001b[39m\n              \u001b[33mstyle\u001b[39m=\u001b[32m\"border-bottom: 1px solid var(--border-default);\"\u001b[39m\n            \u001b[36m>\u001b[39m\n              \u001b[36m<th\u001b[39m\n                \u001b[33maria-sort\u001b[39m=\u001b[32m\"none\"\u001b[39m\n                \u001b[33mscope\u001b[39m=\u001b[32m\"col\"\u001b[39m\n                \u001b[33mstyle\u001b[39m=\u001b[32m\"padding: 6px 12px; font-size: var(--font-size-micro, 11px); font-weight: 600; text-transform: uppercase; letter-spacing: var(--tracking-th, 0.5px); color: var(--text-muted); text-align: left; white-space: nowrap; height: var(--density-table-head-h, 36px); box-sizing: border-box; overflow: hidden; text-overflow: ellipsis; width: 96px;\"\u001b[39m\n              \u001b[36m>\u001b[39m\n                \u001b[36m<button\u001b[39m\n                  \u001b[33mstyle\u001b[39m=\u001b[32m\"background: transparent; border: medium; cursor: pointer; display: inline-flex; align-items: center; gap: 4px; padding: 0px; font: inherit; color: inherit; text-transform: inherit; letter-spacing: inherit; max-width: 100%;\"\u001b[39m\n                  \u001b[33mtype\u001b[39m=\u001b[32m\"button\"\u001b[39m\n                \u001b[36m>\u001b[39m\n                  \u001b[0mTicket ID\u001b[0m\n                  \u001b[36m<span\u001b[39m\n                    \u001b[33mstyle\u001b[39m=\u001b[32m\"font-size: var(--font-size-micro, 11px); color: var(--text-muted);\"\u001b[39m\n                  \u001b[36m/>\u001b[39m\n                \u001b[36m</button>\u001b[39m\n              \u001b[36m</th>\u001b[39m\n              \u001b[36m<th\u001b[39m\n                \u001b[33maria-sort\u001b[39m=\u001b[32m\"none\"\u001b[39m\n                \u001b[33mscope\u001b[39m=\u001b[32m\"col\"\u001b[39m\n                \u001b[33mstyle\u001b[39m=\u001b[32m\"padding: 6px 12px; font-size: var(--font-size-micro, 11px); font-weight: 600; text-transform: uppercase; letter-spacing: var(--tracking-th, 0.5px); color: var(--text-muted); text-align: left; white-space: nowrap; height: var(--density-table-head-h, 36px); box-sizing: border-box; overflow: hidden; text-overflow: ellipsis; width: 26%;\"\u001b[39m\n              \u001b[36m>\u001b[39m\n                \u001b[0mSubject\u001b[0m\n              \u001b[36m</th>\u001b[39m\n              \u001b[36m<th\u001b[39m\n                \u001b[33maria-sort\u001b[39m=\u001b[32m\"none\"\u001b[39m\n                \u001b[33mscope\u001b[39m=\u001b[32m\"col\"\u001b[39m\n                \u001b[33mstyle\u001b[39m=\u001b[32m\"padding: 6px 12px; font-size: var(--font-size-micro, 11px); font-weight: 600; text-transform: uppercase; letter-spacing: var(--tracking-th, 0.5px); color: var(--text-muted); text-align: left; white-space: nowrap; height: var(--density-table-head-h, 36px); box-sizing: border-box; overflow: hidden; text-overflow: ellipsis; width: 170px;\"\u001b[39m\n              \u001b[36m>\u001b[39m\n                \u001b[36m<button\u001b[39m\n                  \u001b[33mstyle\u001b[39m=\u001b[32m\"background: transparent; border: medium; cursor: pointer; display: inline-flex; align-items: center; gap: 4px; padding: 0px; font: inherit; color: inherit; text-transform: inherit; letter-spacing: inherit; max-width: 100%;\"\u001b[39m\n                  \u001b[33mtype\u001b[39m=\u001b[32m\"button\"\u001b[39m\n                \u001b[36m>\u001b[39m\n                  \u001b[0mCategory\u001b[0m\n                  \u001b[36m<span\u001b[39m\n                    \u001b[33mstyle\u001b[39m=\u001b[32m\"font-size: var(--font-size-micro, 11px); color: var(--text-muted);\"\u001b[39m\n                  \u001b[36m/>\u001b[39m\n                \u001b[36m</button>\u001b[39m\n              \u001b[36m</th>\u001b[39m\n              \u001b[36m<th\u001b[39m\n                \u001b[33mar...\n    at Object.getElementError (D:\\ComfyUI\\ticketsec-arm64-dashboard\\node_modules\\@testing-library\\dom\\dist\\config.js:37:19)\n    at getAllByLabelText (D:\\ComfyUI\\ticketsec-arm64-dashboard\\node_modules\\@testing-library\\dom\\dist\\queries\\label-text.js:111:38)\n    at D:\\ComfyUI\\ticketsec-arm64-dashboard\\node_modules\\@testing-library\\dom\\dist\\query-helpers.js:109:15\n    at D:/ComfyUI/ticketsec-arm64-dashboard/tests/components/ClassificationTable.test.tsx:117:19\n    at runNextTicks (node:internal/process/task_queues:65:5)\n    at processTimers (node:internal/timers:538:9)\n    at file:///D:/ComfyUI/ticketsec-arm64-dashboard/node_modules/@vitest/runner/dist/chunk-artifact.js:1903:20"],"meta":{},"tags":[]},{"ancestorTitles":["rendering details"],"fullName":"rendering details confidence renders as integer percent (evidence: \"96%\")","status":"passed","title":"confidence renders as integer percent (evidence: \"96%\")","duration":122.79050000000007,"failureMessages":[],"meta":{},"tags":[]},{"ancestorTitles":["rendering details"],"fullName":"rendering details all six exact categories render verbatim, incl. False Positive","status":"passed","title":"all six exact categories render verbatim, incl. False Positive","duration":350.6889999999994,"failureMessages":[],"meta":{},"tags":[]},{"ancestorTitles":["sorting (local state — works)"],"fullName":"sorting (local state — works) default: Time desc (newest first), aria-sort on the Time column","status":"passed","title":"default: Time desc (newest first), aria-sort on the Time column","duration":256.64190000000053,"failureMessages":[],"meta":{},"tags":[]},{"ancestorTitles":["sorting (local state — works)"],"fullName":"sorting (local state — works) Category: new key starts desc; second click flips to asc","status":"passed","title":"Category: new key starts desc; second click flips to asc","duration":532.1986999999999,"failureMessages":[],"meta":{},"tags":[]},{"ancestorTitles":["sorting (local state — works)"],"fullName":"sorting (local state — works) Severity desc: Critical categories first by rank (not alphabetically)","status":"passed","title":"Severity desc: Critical categories first by rank (not alphabetically)","duration":365.9849000000004,"failureMessages":[],"meta":{},"tags":[]},{"ancestorTitles":["sorting (local state — works)"],"fullName":"sorting (local state — works) Confidence asc: lowest confidence first (numeric, not lexicographic)","status":"passed","title":"Confidence asc: lowest confidence first (numeric, not lexicographic)","duration":438.6345000000001,"failureMessages":[],"meta":{},"tags":[]},{"ancestorTitles":["sorting (local state — works)"],"fullName":"sorting (local state — works) EXPOSED-05: Ticket ID sort is lexicographic — \"TKT-10000\" sorts before \"TKT-9999\" ascending (ClassificationTable.tsx:28)","status":"passed","title":"EXPOSED-05: Ticket ID sort is lexicographic — \"TKT-10000\" sorts before \"TKT-9999\" ascending (ClassificationTable.tsx:28)","duration":323.2028999999984,"failureMessages":[],"meta":{},"tags":[]},{"ancestorTitles":["pagination (local state — works)"],"fullName":"pagination (local state — works) page 1: \"Showing 1–5 of 12\", Previous disabled, page size 5","status":"failed","title":"page 1: \"Showing 1–5 of 12\", Previous disabled, page size 5","duration":106.6255999999994,"failureMessages":["TestingLibraryElementError: Unable to find an element with the text: /^page 1$/i. This could be because the text is broken up by multiple elements. In this case, you can provide a function for your text matcher to make your matcher more flexible.\n\nIgnored nodes: comments, script, style\n\u001b[36m<body>\u001b[39m\n  \u001b[36m<div>\u001b[39m\n    \u001b[36m<div\u001b[39m\n      \u001b[33mid\u001b[39m=\u001b[32m\"classifications-table\"\u001b[39m\n      \u001b[33mstyle\u001b[39m=\u001b[32m\"background: var(--bg-card); border: 1px solid var(--border-default); border-radius: var(--radius-md, 8px); overflow: hidden; transition: border-color 150ms ease;\"\u001b[39m\n    \u001b[36m>\u001b[39m\n      \u001b[36m<div\u001b[39m\n        \u001b[33mstyle\u001b[39m=\u001b[32m\"height: var(--density-widget-head-h); padding: 0 var(--density-widget-pad-x, 20px); box-sizing: border-box; display: flex; align-items: center; justify-content: space-between; border-bottom: 1px solid var(--border-default);\"\u001b[39m\n      \u001b[36m>\u001b[39m\n        \u001b[36m<div>\u001b[39m\n          \u001b[36m<h2\u001b[39m\n            \u001b[33mstyle\u001b[39m=\u001b[32m\"font-size: var(--font-size-md, 15px); font-weight: 600; color: var(--text-primary); letter-spacing: var(--tracking-title, -0.2px);\"\u001b[39m\n          \u001b[36m>\u001b[39m\n            \u001b[0mRecent Classifications\u001b[0m\n          \u001b[36m</h2>\u001b[39m\n          \u001b[36m<p\u001b[39m\n            \u001b[33mstyle\u001b[39m=\u001b[32m\"font-size: var(--font-size-sm, 12px); color: var(--text-muted); margin-top: 1px;\"\u001b[39m\n          \u001b[36m>\u001b[39m\n            \u001b[0mCached snapshot\u001b[0m\n          \u001b[36m</p>\u001b[39m\n        \u001b[36m</div>\u001b[39m\n        \u001b[36m<div\u001b[39m\n          \u001b[33mstyle\u001b[39m=\u001b[32m\"display: flex; align-items: center; gap: 10px;\"\u001b[39m\n        \u001b[36m>\u001b[39m\n          \u001b[36m<button\u001b[39m\n            \u001b[33mstyle\u001b[39m=\u001b[32m\"display: flex; align-items: center; gap: 6px; padding: 5px 10px; border-radius: var(--radius-sm, 6px); border: 1px solid var(--border-default); background: var(--color-control-ghost-bg, transparent); color: var(--text-secondary); font-size: var(--font-size-sm, 12px); cursor: pointer;\"\u001b[39m\n            \u001b[33mtitle\u001b[39m=\u001b[32m\"Export filtered results as CSV\"\u001b[39m\n            \u001b[33mtype\u001b[39m=\u001b[32m\"button\"\u001b[39m\n          \u001b[36m>\u001b[39m\n            \u001b[36m<svg\u001b[39m\n              \u001b[33maria-hidden\u001b[39m=\u001b[32m\"true\"\u001b[39m\n              \u001b[33mclass\u001b[39m=\u001b[32m\"lucide lucide-download\"\u001b[39m\n              \u001b[33mfill\u001b[39m=\u001b[32m\"none\"\u001b[39m\n              \u001b[33mheight\u001b[39m=\u001b[32m\"14\"\u001b[39m\n              \u001b[33mstroke\u001b[39m=\u001b[32m\"currentColor\"\u001b[39m\n              \u001b[33mstroke-linecap\u001b[39m=\u001b[32m\"round\"\u001b[39m\n              \u001b[33mstroke-linejoin\u001b[39m=\u001b[32m\"round\"\u001b[39m\n              \u001b[33mstroke-width\u001b[39m=\u001b[32m\"2\"\u001b[39m\n              \u001b[33mviewBox\u001b[39m=\u001b[32m\"0 0 24 24\"\u001b[39m\n              \u001b[33mwidth\u001b[39m=\u001b[32m\"14\"\u001b[39m\n              \u001b[33mxmlns\u001b[39m=\u001b[32m\"http://www.w3.org/2000/svg\"\u001b[39m\n            \u001b[36m>\u001b[39m\n              \u001b[36m<path\u001b[39m\n                \u001b[33md\u001b[39m=\u001b[32m\"M12 15V3\"\u001b[39m\n              \u001b[36m/>\u001b[39m\n              \u001b[36m<path\u001b[39m\n                \u001b[33md\u001b[39m=\u001b[32m\"M21 15v4a2 2 0 0 1-2 2H5a2 2 0 0 1-2-2v-4\"\u001b[39m\n              \u001b[36m/>\u001b[39m\n              \u001b[36m<path\u001b[39m\n                \u001b[33md\u001b[39m=\u001b[32m\"m7 10 5 5 5-5\"\u001b[39m\n              \u001b[36m/>\u001b[39m\n            \u001b[36m</svg>\u001b[39m\n            \u001b[0mExport CSV\u001b[0m\n          \u001b[36m</button>\u001b[39m\n          \u001b[36m<span\u001b[39m\n            \u001b[33mstyle\u001b[39m=\u001b[32m\"font-size: var(--badge-font-size, 11px); font-weight: var(--badge-font-weight, 600); letter-spacing: var(--badge-letter-spacing, 0.4px); line-height: var(--badge-line-height, 16px); text-transform: uppercase; padding: var(--badge-pad-y, 2px) var(--badge-pad-x, 8px); border-radius: var(--radius-badge, 4px); color: var(--badge-cached-fg); background: var(--badge-cached-bg); border: 1px solid var(--badge-cached-border); white-space: nowrap;\"\u001b[39m\n          \u001b[36m>\u001b[39m\n            \u001b[0mCached\u001b[0m\n          \u001b[36m</span>\u001b[39m\n        \u001b[36m</div>\u001b[39m\n      \u001b[36m</div>\u001b[39m\n      \u001b[36m<div\u001b[39m\n        \u001b[33mstyle\u001b[39m=\u001b[32m\"overflow-x: auto;\"\u001b[39m\n      \u001b[36m>\u001b[39m\n        \u001b[36m<table\u001b[39m\n          \u001b[33mstyle\u001b[39m=\u001b[32m\"width: 100%; border-collapse: collapse; table-layout: fixed; min-width: 960px;\"\u001b[39m\n        \u001b[36m>\u001b[39m\n          \u001b[36m<thead>\u001b[39m\n            \u001b[36m<tr\u001b[39m\n              \u001b[33mstyle\u001b[39m=\u001b[32m\"border-bottom: 1px solid var(--border-default);\"\u001b[39m\n            \u001b[36m>\u001b[39m\n              \u001b[36m<th\u001b[39m\n                \u001b[33maria-sort\u001b[39m=\u001b[32m\"none\"\u001b[39m\n                \u001b[33mscope\u001b[39m=\u001b[32m\"col\"\u001b[39m\n                \u001b[33mstyle\u001b[39m=\u001b[32m\"padding: 6px 12px; font-size: var(--font-size-micro, 11px); font-weight: 600; text-transform: uppercase; letter-spacing: var(--tracking-th, 0.5px); color: var(--text-muted); text-align: left; white-space: nowrap; height: var(--density-table-head-h, 36px); box-sizing: border-box; overflow: hidden; text-overflow: ellipsis; width: 96px;\"\u001b[39m\n              \u001b[36m>\u001b[39m\n                \u001b[36m<button\u001b[39m\n                  \u001b[33mstyle\u001b[39m=\u001b[32m\"background: transparent; border: medium; cursor: pointer; display: inline-flex; align-items: center; gap: 4px; padding: 0px; font: inherit; color: inherit; text-transform: inherit; letter-spacing: inherit; max-width: 100%;\"\u001b[39m\n                  \u001b[33mtype\u001b[39m=\u001b[32m\"button\"\u001b[39m\n                \u001b[36m>\u001b[39m\n                  \u001b[0mTicket ID\u001b[0m\n                  \u001b[36m<span\u001b[39m\n                    \u001b[33mstyle\u001b[39m=\u001b[32m\"font-size: var(--font-size-micro, 11px); color: var(--text-muted);\"\u001b[39m\n                  \u001b[36m/>\u001b[39m\n                \u001b[36m</button>\u001b[39m\n              \u001b[36m</th>\u001b[39m\n              \u001b[36m<th\u001b[39m\n                \u001b[33maria-sort\u001b[39m=\u001b[32m\"none\"\u001b[39m\n                \u001b[33mscope\u001b[39m=\u001b[32m\"col\"\u001b[39m\n                \u001b[33mstyle\u001b[39m=\u001b[32m\"padding: 6px 12px; font-size: var(--font-size-micro, 11px); font-weight: 600; text-transform: uppercase; letter-spacing: var(--tracking-th, 0.5px); color: var(--text-muted); text-align: left; white-space: nowrap; height: var(--density-table-head-h, 36px); box-sizing: border-box; overflow: hidden; text-overflow: ellipsis; width: 26%;\"\u001b[39m\n              \u001b[36m>\u001b[39m\n                \u001b[0mSubject\u001b[0m\n              \u001b[36m</th>\u001b[39m\n              \u001b[36m<th\u001b[39m\n                \u001b[33maria-sort\u001b[39m=\u001b[32m\"none\"\u001b[39m\n                \u001b[33mscope\u001b[39m=\u001b[32m\"col\"\u001b[39m\n                \u001b[33mstyle\u001b[39m=\u001b[32m\"padding: 6px 12px; font-size: var(--font-size-micro, 11px); font-weight: 600; text-transform: uppercase; letter-spacing: var(--tracking-th, 0.5px); color: var(--text-muted); text-align: left; white-space: nowrap; height: var(--density-table-head-h, 36px); box-sizing: border-box; overflow: hidden; text-overflow: ellipsis; width: 170px;\"\u001b[39m\n              \u001b[36m>\u001b[39m\n                \u001b[36m<button\u001b[39m\n                  \u001b[33mstyle\u001b[39m=\u001b[32m\"background: transparent; border: medium; cursor: pointer; display: inline-flex; align-items: center; gap: 4px; padding: 0px; font: inherit; color: inherit; text-transform: inherit; letter-spacing: inherit; max-width: 100%;\"\u001b[39m\n                  \u001b[33mtype\u001b[39m=\u001b[32m\"button\"\u001b[39m\n                \u001b[36m>\u001b[39m\n                  \u001b[0mCategory\u001b[0m\n                  \u001b[36m<span\u001b[39m\n                    \u001b[33mstyle\u001b[39m=\u001b[32m\"font-size: var(--font-size-micro, 11px); color: var(--text-muted);\"\u001b[39m\n                  \u001b[36m/>\u001b[39m\n                \u001b[36m</button>\u001b[39m\n              \u001b[36m</th>\u001b[39m\n              \u001b[36m<th\u001b[39m\n                \u001b[33mar...\n    at Object.getElementError (D:\\ComfyUI\\ticketsec-arm64-dashboard\\node_modules\\@testing-library\\dom\\dist\\config.js:37:19)\n    at D:\\ComfyUI\\ticketsec-arm64-dashboard\\node_modules\\@testing-library\\dom\\dist\\query-helpers.js:76:38\n    at D:\\ComfyUI\\ticketsec-arm64-dashboard\\node_modules\\@testing-library\\dom\\dist\\query-helpers.js:52:17\n    at D:\\ComfyUI\\ticketsec-arm64-dashboard\\node_modules\\@testing-library\\dom\\dist\\query-helpers.js:95:19\n    at D:/ComfyUI/ticketsec-arm64-dashboard/tests/components/ClassificationTable.test.tsx:215:19\n    at file:///D:/ComfyUI/ticketsec-arm64-dashboard/node_modules/@vitest/runner/dist/chunk-artifact.js:1903:20"],"meta":{},"tags":[]},{"ancestorTitles":["pagination (local state — works)"],"fullName":"pagination (local state — works) walks to the last page and back (FIX-28 verified: bounds are correct)","status":"failed","title":"walks to the last page and back (FIX-28 verified: bounds are correct)","duration":214.1922999999988,"failureMessages":["TestingLibraryElementError: Unable to find an element with the text: /^page 2$/i. This could be because the text is broken up by multiple elements. In this case, you can provide a function for your text matcher to make your matcher more flexible.\n\nIgnored nodes: comments, script, style\n\u001b[36m<body>\u001b[39m\n  \u001b[36m<div>\u001b[39m\n    \u001b[36m<div\u001b[39m\n      \u001b[33mid\u001b[39m=\u001b[32m\"classifications-table\"\u001b[39m\n      \u001b[33mstyle\u001b[39m=\u001b[32m\"background: var(--bg-card); border: 1px solid var(--border-default); border-radius: var(--radius-md, 8px); overflow: hidden; transition: border-color 150ms ease;\"\u001b[39m\n    \u001b[36m>\u001b[39m\n      \u001b[36m<div\u001b[39m\n        \u001b[33mstyle\u001b[39m=\u001b[32m\"height: var(--density-widget-head-h); padding: 0 var(--density-widget-pad-x, 20px); box-sizing: border-box; display: flex; align-items: center; justify-content: space-between; border-bottom: 1px solid var(--border-default);\"\u001b[39m\n      \u001b[36m>\u001b[39m\n        \u001b[36m<div>\u001b[39m\n          \u001b[36m<h2\u001b[39m\n            \u001b[33mstyle\u001b[39m=\u001b[32m\"font-size: var(--font-size-md, 15px); font-weight: 600; color: var(--text-primary); letter-spacing: var(--tracking-title, -0.2px);\"\u001b[39m\n          \u001b[36m>\u001b[39m\n            \u001b[0mRecent Classifications\u001b[0m\n          \u001b[36m</h2>\u001b[39m\n          \u001b[36m<p\u001b[39m\n            \u001b[33mstyle\u001b[39m=\u001b[32m\"font-size: var(--font-size-sm, 12px); color: var(--text-muted); margin-top: 1px;\"\u001b[39m\n          \u001b[36m>\u001b[39m\n            \u001b[0mCached snapshot\u001b[0m\n          \u001b[36m</p>\u001b[39m\n        \u001b[36m</div>\u001b[39m\n        \u001b[36m<div\u001b[39m\n          \u001b[33mstyle\u001b[39m=\u001b[32m\"display: flex; align-items: center; gap: 10px;\"\u001b[39m\n        \u001b[36m>\u001b[39m\n          \u001b[36m<button\u001b[39m\n            \u001b[33mstyle\u001b[39m=\u001b[32m\"display: flex; align-items: center; gap: 6px; padding: 5px 10px; border-radius: var(--radius-sm, 6px); border: 1px solid var(--border-default); background: var(--color-control-ghost-bg, transparent); color: var(--text-secondary); font-size: var(--font-size-sm, 12px); cursor: pointer;\"\u001b[39m\n            \u001b[33mtitle\u001b[39m=\u001b[32m\"Export filtered results as CSV\"\u001b[39m\n            \u001b[33mtype\u001b[39m=\u001b[32m\"button\"\u001b[39m\n          \u001b[36m>\u001b[39m\n            \u001b[36m<svg\u001b[39m\n              \u001b[33maria-hidden\u001b[39m=\u001b[32m\"true\"\u001b[39m\n              \u001b[33mclass\u001b[39m=\u001b[32m\"lucide lucide-download\"\u001b[39m\n              \u001b[33mfill\u001b[39m=\u001b[32m\"none\"\u001b[39m\n              \u001b[33mheight\u001b[39m=\u001b[32m\"14\"\u001b[39m\n              \u001b[33mstroke\u001b[39m=\u001b[32m\"currentColor\"\u001b[39m\n              \u001b[33mstroke-linecap\u001b[39m=\u001b[32m\"round\"\u001b[39m\n              \u001b[33mstroke-linejoin\u001b[39m=\u001b[32m\"round\"\u001b[39m\n              \u001b[33mstroke-width\u001b[39m=\u001b[32m\"2\"\u001b[39m\n              \u001b[33mviewBox\u001b[39m=\u001b[32m\"0 0 24 24\"\u001b[39m\n              \u001b[33mwidth\u001b[39m=\u001b[32m\"14\"\u001b[39m\n              \u001b[33mxmlns\u001b[39m=\u001b[32m\"http://www.w3.org/2000/svg\"\u001b[39m\n            \u001b[36m>\u001b[39m\n              \u001b[36m<path\u001b[39m\n                \u001b[33md\u001b[39m=\u001b[32m\"M12 15V3\"\u001b[39m\n              \u001b[36m/>\u001b[39m\n              \u001b[36m<path\u001b[39m\n                \u001b[33md\u001b[39m=\u001b[32m\"M21 15v4a2 2 0 0 1-2 2H5a2 2 0 0 1-2-2v-4\"\u001b[39m\n              \u001b[36m/>\u001b[39m\n              \u001b[36m<path\u001b[39m\n                \u001b[33md\u001b[39m=\u001b[32m\"m7 10 5 5 5-5\"\u001b[39m\n              \u001b[36m/>\u001b[39m\n            \u001b[36m</svg>\u001b[39m\n            \u001b[0mExport CSV\u001b[0m\n          \u001b[36m</button>\u001b[39m\n          \u001b[36m<span\u001b[39m\n            \u001b[33mstyle\u001b[39m=\u001b[32m\"font-size: var(--badge-font-size, 11px); font-weight: var(--badge-font-weight, 600); letter-spacing: var(--badge-letter-spacing, 0.4px); line-height: var(--badge-line-height, 16px); text-transform: uppercase; padding: var(--badge-pad-y, 2px) var(--badge-pad-x, 8px); border-radius: var(--radius-badge, 4px); color: var(--badge-cached-fg); background: var(--badge-cached-bg); border: 1px solid var(--badge-cached-border); white-space: nowrap;\"\u001b[39m\n          \u001b[36m>\u001b[39m\n            \u001b[0mCached\u001b[0m\n          \u001b[36m</span>\u001b[39m\n        \u001b[36m</div>\u001b[39m\n      \u001b[36m</div>\u001b[39m\n      \u001b[36m<div\u001b[39m\n        \u001b[33mstyle\u001b[39m=\u001b[32m\"overflow-x: auto;\"\u001b[39m\n      \u001b[36m>\u001b[39m\n        \u001b[36m<table\u001b[39m\n          \u001b[33mstyle\u001b[39m=\u001b[32m\"width: 100%; border-collapse: collapse; table-layout: fixed; min-width: 960px;\"\u001b[39m\n        \u001b[36m>\u001b[39m\n          \u001b[36m<thead>\u001b[39m\n            \u001b[36m<tr\u001b[39m\n              \u001b[33mstyle\u001b[39m=\u001b[32m\"border-bottom: 1px solid var(--border-default);\"\u001b[39m\n            \u001b[36m>\u001b[39m\n              \u001b[36m<th\u001b[39m\n                \u001b[33maria-sort\u001b[39m=\u001b[32m\"none\"\u001b[39m\n                \u001b[33mscope\u001b[39m=\u001b[32m\"col\"\u001b[39m\n                \u001b[33mstyle\u001b[39m=\u001b[32m\"padding: 6px 12px; font-size: var(--font-size-micro, 11px); font-weight: 600; text-transform: uppercase; letter-spacing: var(--tracking-th, 0.5px); color: var(--text-muted); text-align: left; white-space: nowrap; height: var(--density-table-head-h, 36px); box-sizing: border-box; overflow: hidden; text-overflow: ellipsis; width: 96px;\"\u001b[39m\n              \u001b[36m>\u001b[39m\n                \u001b[36m<button\u001b[39m\n                  \u001b[33mstyle\u001b[39m=\u001b[32m\"background: transparent; border: medium; cursor: pointer; display: inline-flex; align-items: center; gap: 4px; padding: 0px; font: inherit; color: inherit; text-transform: inherit; letter-spacing: inherit; max-width: 100%;\"\u001b[39m\n                  \u001b[33mtype\u001b[39m=\u001b[32m\"button\"\u001b[39m\n                \u001b[36m>\u001b[39m\n                  \u001b[0mTicket ID\u001b[0m\n                  \u001b[36m<span\u001b[39m\n                    \u001b[33mstyle\u001b[39m=\u001b[32m\"font-size: var(--font-size-micro, 11px); color: var(--text-muted);\"\u001b[39m\n                  \u001b[36m/>\u001b[39m\n                \u001b[36m</button>\u001b[39m\n              \u001b[36m</th>\u001b[39m\n              \u001b[36m<th\u001b[39m\n                \u001b[33maria-sort\u001b[39m=\u001b[32m\"none\"\u001b[39m\n                \u001b[33mscope\u001b[39m=\u001b[32m\"col\"\u001b[39m\n                \u001b[33mstyle\u001b[39m=\u001b[32m\"padding: 6px 12px; font-size: var(--font-size-micro, 11px); font-weight: 600; text-transform: uppercase; letter-spacing: var(--tracking-th, 0.5px); color: var(--text-muted); text-align: left; white-space: nowrap; height: var(--density-table-head-h, 36px); box-sizing: border-box; overflow: hidden; text-overflow: ellipsis; width: 26%;\"\u001b[39m\n              \u001b[36m>\u001b[39m\n                \u001b[0mSubject\u001b[0m\n              \u001b[36m</th>\u001b[39m\n              \u001b[36m<th\u001b[39m\n                \u001b[33maria-sort\u001b[39m=\u001b[32m\"none\"\u001b[39m\n                \u001b[33mscope\u001b[39m=\u001b[32m\"col\"\u001b[39m\n                \u001b[33mstyle\u001b[39m=\u001b[32m\"padding: 6px 12px; font-size: var(--font-size-micro, 11px); font-weight: 600; text-transform: uppercase; letter-spacing: var(--tracking-th, 0.5px); color: var(--text-muted); text-align: left; white-space: nowrap; height: var(--density-table-head-h, 36px); box-sizing: border-box; overflow: hidden; text-overflow: ellipsis; width: 170px;\"\u001b[39m\n              \u001b[36m>\u001b[39m\n                \u001b[36m<button\u001b[39m\n                  \u001b[33mstyle\u001b[39m=\u001b[32m\"background: transparent; border: medium; cursor: pointer; display: inline-flex; align-items: center; gap: 4px; padding: 0px; font: inherit; color: inherit; text-transform: inherit; letter-spacing: inherit; max-width: 100%;\"\u001b[39m\n                  \u001b[33mtype\u001b[39m=\u001b[32m\"button\"\u001b[39m\n                \u001b[36m>\u001b[39m\n                  \u001b[0mCategory\u001b[0m\n                  \u001b[36m<span\u001b[39m\n                    \u001b[33mstyle\u001b[39m=\u001b[32m\"font-size: var(--font-size-micro, 11px); color: var(--text-muted);\"\u001b[39m\n                  \u001b[36m/>\u001b[39m\n                \u001b[36m</button>\u001b[39m\n              \u001b[36m</th>\u001b[39m\n              \u001b[36m<th\u001b[39m\n                \u001b[33mar...\n    at Object.getElementError (D:\\ComfyUI\\ticketsec-arm64-dashboard\\node_modules\\@testing-library\\dom\\dist\\config.js:37:19)\n    at D:\\ComfyUI\\ticketsec-arm64-dashboard\\node_modules\\@testing-library\\dom\\dist\\query-helpers.js:76:38\n    at D:\\ComfyUI\\ticketsec-arm64-dashboard\\node_modules\\@testing-library\\dom\\dist\\query-helpers.js:52:17\n    at D:\\ComfyUI\\ticketsec-arm64-dashboard\\node_modules\\@testing-library\\dom\\dist\\query-helpers.js:95:19\n    at D:/ComfyUI/ticketsec-arm64-dashboard/tests/components/ClassificationTable.test.tsx:230:19\n    at file:///D:/ComfyUI/ticketsec-arm64-dashboard/node_modules/@vitest/runner/dist/chunk-artifact.js:1903:20"],"meta":{},"tags":[]},{"ancestorTitles":["search filter (BROKEN by the store-identity bail-out — it.fails until FIX-01)"],"fullName":"search filter (BROKEN by the store-identity bail-out — it.fails until FIX-01) FIX-01: query from the useTicketQuery store narrows the table (substring, case-insensitive)","status":"failed","title":"FIX-01: query from the useTicketQuery store narrows the table (substring, case-insensitive)","duration":134.23010000000068,"failureMessages":["Error: Expect test to fail\n    at runTest (file:///D:/ComfyUI/ticketsec-arm64-dashboard/node_modules/@vitest/runner/dist/chunk-artifact.js:3041:31)\n    at file:///D:/ComfyUI/ticketsec-arm64-dashboard/node_modules/@vitest/runner/dist/chunk-artifact.js:3159:10\n    at callAroundHooks (file:///D:/ComfyUI/ticketsec-arm64-dashboard/node_modules/@vitest/runner/dist/chunk-artifact.js:2663:3)\n    at callAroundAllHooks (file:///D:/ComfyUI/ticketsec-arm64-dashboard/node_modules/@vitest/runner/dist/chunk-artifact.js:2791:2)\n    at runSuite (file:///D:/ComfyUI/ticketsec-arm64-dashboard/node_modules/@vitest/runner/dist/chunk-artifact.js:3130:4)\n    at file:///D:/ComfyUI/ticketsec-arm64-dashboard/node_modules/@vitest/runner/dist/chunk-artifact.js:3159:10\n    at callAroundHooks (file:///D:/ComfyUI/ticketsec-arm64-dashboard/node_modules/@vitest/runner/dist/chunk-artifact.js:2663:3)\n    at callAroundAllHooks (file:///D:/ComfyUI/ticketsec-arm64-dashboard/node_modules/@vitest/runner/dist/chunk-artifact.js:2791:2)\n    at runSuite (file:///D:/ComfyUI/ticketsec-arm64-dashboard/node_modules/@vitest/runner/dist/chunk-artifact.js:3130:4)\n    at runFiles (file:///D:/ComfyUI/ticketsec-arm64-dashboard/node_modules/@vitest/runner/dist/chunk-artifact.js:3240:3)"],"meta":{},"tags":[]},{"ancestorTitles":["search filter (BROKEN by the store-identity bail-out — it.fails until FIX-01)"],"fullName":"search filter (BROKEN by the store-identity bail-out — it.fails until FIX-01) FIX-01: \"Clear filter\" button appears while a query is active and resets it","status":"failed","title":"FIX-01: \"Clear filter\" button appears while a query is active and resets it","duration":286.7422000000006,"failureMessages":["Error: Expect test to fail\n    at runTest (file:///D:/ComfyUI/ticketsec-arm64-dashboard/node_modules/@vitest/runner/dist/chunk-artifact.js:3041:31)\n    at file:///D:/ComfyUI/ticketsec-arm64-dashboard/node_modules/@vitest/runner/dist/chunk-artifact.js:3159:10\n    at callAroundHooks (file:///D:/ComfyUI/ticketsec-arm64-dashboard/node_modules/@vitest/runner/dist/chunk-artifact.js:2663:3)\n    at callAroundAllHooks (file:///D:/ComfyUI/ticketsec-arm64-dashboard/node_modules/@vitest/runner/dist/chunk-artifact.js:2791:2)\n    at runSuite (file:///D:/ComfyUI/ticketsec-arm64-dashboard/node_modules/@vitest/runner/dist/chunk-artifact.js:3130:4)\n    at file:///D:/ComfyUI/ticketsec-arm64-dashboard/node_modules/@vitest/runner/dist/chunk-artifact.js:3159:10\n    at callAroundHooks (file:///D:/ComfyUI/ticketsec-arm64-dashboard/node_modules/@vitest/runner/dist/chunk-artifact.js:2663:3)\n    at callAroundAllHooks (file:///D:/ComfyUI/ticketsec-arm64-dashboard/node_modules/@vitest/runner/dist/chunk-artifact.js:2791:2)\n    at runSuite (file:///D:/ComfyUI/ticketsec-arm64-dashboard/node_modules/@vitest/runner/dist/chunk-artifact.js:3130:4)\n    at runFiles (file:///D:/ComfyUI/ticketsec-arm64-dashboard/node_modules/@vitest/runner/dist/chunk-artifact.js:3240:3)"],"meta":{},"tags":[]},{"ancestorTitles":["search filter (BROKEN by the store-identity bail-out — it.fails until FIX-01)"],"fullName":"search filter (BROKEN by the store-identity bail-out — it.fails until FIX-01) FIX-01: no-match query shows the honest empty state (no fabricated rows)","status":"failed","title":"FIX-01: no-match query shows the honest empty state (no fabricated rows)","duration":85.67050000000017,"failureMessages":["Error: Expect test to fail\n    at runTest (file:///D:/ComfyUI/ticketsec-arm64-dashboard/node_modules/@vitest/runner/dist/chunk-artifact.js:3041:31)\n    at file:///D:/ComfyUI/ticketsec-arm64-dashboard/node_modules/@vitest/runner/dist/chunk-artifact.js:3159:10\n    at callAroundHooks (file:///D:/ComfyUI/ticketsec-arm64-dashboard/node_modules/@vitest/runner/dist/chunk-artifact.js:2663:3)\n    at callAroundAllHooks (file:///D:/ComfyUI/ticketsec-arm64-dashboard/node_modules/@vitest/runner/dist/chunk-artifact.js:2791:2)\n    at runSuite (file:///D:/ComfyUI/ticketsec-arm64-dashboard/node_modules/@vitest/runner/dist/chunk-artifact.js:3130:4)\n    at file:///D:/ComfyUI/ticketsec-arm64-dashboard/node_modules/@vitest/runner/dist/chunk-artifact.js:3159:10\n    at callAroundHooks (file:///D:/ComfyUI/ticketsec-arm64-dashboard/node_modules/@vitest/runner/dist/chunk-artifact.js:2663:3)\n    at callAroundAllHooks (file:///D:/ComfyUI/ticketsec-arm64-dashboard/node_modules/@vitest/runner/dist/chunk-artifact.js:2791:2)\n    at runSuite (file:///D:/ComfyUI/ticketsec-arm64-dashboard/node_modules/@vitest/runner/dist/chunk-artifact.js:3130:4)\n    at runFiles (file:///D:/ComfyUI/ticketsec-arm64-dashboard/node_modules/@vitest/runner/dist/chunk-artifact.js:3240:3)"],"meta":{},"tags":[]},{"ancestorTitles":["CSV export wiring (FIX-25: the wiring EXISTS in the real code)"],"fullName":"CSV export wiring (FIX-25: the wiring EXISTS in the real code) Export CSV produces a blob from the currently sorted rows","status":"failed","title":"Export CSV produces a blob from the currently sorted rows","duration":171.41860000000088,"failureMessages":["AssertionError: expected 'ID,Subject,Category,Confidence,Status…' to be 'ID,Subject,Category,Confidence,Status…' // Object.is equality\n    at D:/ComfyUI/ticketsec-arm64-dashboard/tests/components/ClassificationTable.test.tsx:302:32\n    at file:///D:/ComfyUI/ticketsec-arm64-dashboard/node_modules/@vitest/runner/dist/chunk-artifact.js:1903:20"],"meta":{},"tags":[]}],"startTime":1784323016645,"endTime":1784323021074.4187,"status":"failed","message":"","name":"D:/ComfyUI/ticketsec-arm64-dashboard/tests/components/ClassificationTable.test.tsx"},{"assertionResults":[{"ancestorTitles":["status pill"],"fullName":"status pill initial render shows \"Checking…\" (initial store state)","status":"failed","title":"initial render shows \"Checking…\" (initial store state)","duration":320.8041000000003,"failureMessages":["TestingLibraryElementError: Unable to find an element with the text: Checking…. This could be because the text is broken up by multiple elements. In this case, you can provide a function for your text matcher to make your matcher more flexible.\n\nIgnored nodes: comments, script, style\n\u001b[36m<body>\u001b[39m\n  \u001b[36m<div>\u001b[39m\n    \u001b[36m<header\u001b[39m\n      \u001b[33mstyle\u001b[39m=\u001b[32m\"height: var(--density-header-h, 56px); padding: 0 var(--layout-page-px, 28px); border-bottom: 1px solid var(--border-default); background: var(--bg-body); display: flex; align-items: center; justify-content: space-between; position: sticky; top: 0px; z-index: var(--z-header, 90); isolation: isolate; box-shadow: none; box-sizing: border-box;\"\u001b[39m\n    \u001b[36m>\u001b[39m\n      \u001b[36m<div\u001b[39m\n        \u001b[33mstyle\u001b[39m=\u001b[32m\"display: flex; align-items: center; gap: 8px; font-size: var(--font-size-base, 13px); color: var(--text-muted);\"\u001b[39m\n      \u001b[36m>\u001b[39m\n        \u001b[36m<span\u001b[39m\n          \u001b[33mstyle\u001b[39m=\u001b[32m\"color: var(--text-secondary);\"\u001b[39m\n        \u001b[36m>\u001b[39m\n          \u001b[0mDashboard\u001b[0m\n        \u001b[36m</span>\u001b[39m\n        \u001b[36m<span\u001b[39m\n          \u001b[33mstyle\u001b[39m=\u001b[32m\"font-size: var(--font-size-micro, 11px);\"\u001b[39m\n        \u001b[36m>\u001b[39m\n          \u001b[0m›\u001b[0m\n        \u001b[36m</span>\u001b[39m\n        \u001b[36m<span\u001b[39m\n          \u001b[33mstyle\u001b[39m=\u001b[32m\"color: var(--text-primary); font-weight: 600;\"\u001b[39m\n        \u001b[36m>\u001b[39m\n          \u001b[0mSecurity Operations Center\u001b[0m\n        \u001b[36m</span>\u001b[39m\n      \u001b[36m</div>\u001b[39m\n      \u001b[36m<div\u001b[39m\n        \u001b[33mstyle\u001b[39m=\u001b[32m\"display: flex; align-items: center; gap: 14px;\"\u001b[39m\n      \u001b[36m>\u001b[39m\n        \u001b[36m<div\u001b[39m\n          \u001b[33mstyle\u001b[39m=\u001b[32m\"position: relative;\"\u001b[39m\n        \u001b[36m>\u001b[39m\n          \u001b[36m<div\u001b[39m\n            \u001b[33mrole\u001b[39m=\u001b[32m\"button\"\u001b[39m\n            \u001b[33mstyle\u001b[39m=\u001b[32m\"display: flex; align-items: center; gap: 6px; padding: 5px 12px; border-radius: var(--radius-pill, 20px); border: 1px solid var(--pill-neutral-border); background: var(--pill-neutral-bg); font-size: var(--font-size-sm, 12px); font-weight: 600; white-space: nowrap; color: var(--text-muted); cursor: help;\"\u001b[39m\n            \u001b[33mtabindex\u001b[39m=\u001b[32m\"0\"\u001b[39m\n          \u001b[36m>\u001b[39m\n            \u001b[36m<span\u001b[39m\n              \u001b[33mstyle\u001b[39m=\u001b[32m\"width: 6px; height: 6px; border-radius: 50%; background: var(--text-muted); display: inline-block; margin-right: 6px; flex-shrink: 0; animation: pulse 1.2s ease-in-out infinite;\"\u001b[39m\n            \u001b[36m/>\u001b[39m\n            \u001b[0mConnecting to inference API…\u001b[0m\n          \u001b[36m</div>\u001b[39m\n        \u001b[36m</div>\u001b[39m\n        \u001b[36m<button\u001b[39m\n          \u001b[33maria-label\u001b[39m=\u001b[32m\"Refresh data\"\u001b[39m\n          \u001b[33mstyle\u001b[39m=\u001b[32m\"width: 34px; height: 34px; border-radius: var(--radius-sm, 8px); border: 1px solid var(--border-default); background: transparent; color: var(--text-secondary); display: flex; align-items: center; justify-content: center; cursor: pointer; transition: all 150ms ease; position: relative;\"\u001b[39m\n          \u001b[33mtype\u001b[39m=\u001b[32m\"button\"\u001b[39m\n        \u001b[36m>\u001b[39m\n          \u001b[36m<svg\u001b[39m\n            \u001b[33maria-hidden\u001b[39m=\u001b[32m\"true\"\u001b[39m\n            \u001b[33mclass\u001b[39m=\u001b[32m\"lucide lucide-refresh-cw\"\u001b[39m\n            \u001b[33mfill\u001b[39m=\u001b[32m\"none\"\u001b[39m\n            \u001b[33mheight\u001b[39m=\u001b[32m\"16\"\u001b[39m\n            \u001b[33mstroke\u001b[39m=\u001b[32m\"currentColor\"\u001b[39m\n            \u001b[33mstroke-linecap\u001b[39m=\u001b[32m\"round\"\u001b[39m\n            \u001b[33mstroke-linejoin\u001b[39m=\u001b[32m\"round\"\u001b[39m\n            \u001b[33mstroke-width\u001b[39m=\u001b[32m\"2\"\u001b[39m\n            \u001b[33mstyle\u001b[39m=\u001b[32m\"animation: none;\"\u001b[39m\n            \u001b[33mviewBox\u001b[39m=\u001b[32m\"0 0 24 24\"\u001b[39m\n            \u001b[33mwidth\u001b[39m=\u001b[32m\"16\"\u001b[39m\n            \u001b[33mxmlns\u001b[39m=\u001b[32m\"http://www.w3.org/2000/svg\"\u001b[39m\n          \u001b[36m>\u001b[39m\n            \u001b[36m<path\u001b[39m\n              \u001b[33md\u001b[39m=\u001b[32m\"M3 12a9 9 0 0 1 9-9 9.75 9.75 0 0 1 6.74 2.74L21 8\"\u001b[39m\n            \u001b[36m/>\u001b[39m\n            \u001b[36m<path\u001b[39m\n              \u001b[33md\u001b[39m=\u001b[32m\"M21 3v5h-5\"\u001b[39m\n            \u001b[36m/>\u001b[39m\n            \u001b[36m<path\u001b[39m\n              \u001b[33
[...]
    at runWithCancel (file:///D:/ComfyUI/ticketsec-arm64-dashboard/node_modules/@vitest/runner/dist/chunk-artifact.js:2323:10)\n    at file:///D:/ComfyUI/ticketsec-arm64-dashboard/node_modules/@vitest/runner/dist/chunk-artifact.js:2305:20\n    at new Promise (<anonymous>)\n    at runWithTimeout (file:///D:/ComfyUI/ticketsec-arm64-dashboard/node_modules/@vitest/runner/dist/chunk-artifact.js:2272:10)\n    at file:///D:/ComfyUI/ticketsec-arm64-dashboard/node_modules/@vitest/runner/dist/chunk-artifact.js:2955:64"],"meta":{},"tags":[]}],"startTime":1784323016043,"endTime":1784323016098.7397,"status":"failed","message":"","name":"D:/ComfyUI/ticketsec-arm64-dashboard/tests/lib/utils.test.ts"},{"assertionResults":[{"ancestorTitles":["BROKEN stores (mutated same-identity snapshot — FIX-01 mechanism)"],"fullName":"BROKEN stores (mutated same-identity snapshot — FIX-01 mechanism) FIX-01: useTicketQuery must propagate setTicketQuery to subscribers (getSnapshot returns the mutated store, useTicketQuery.ts:24-26)","status":"failed","title":"FIX-01: useTicketQuery must propagate setTicketQuery to subscribers (getSnapshot returns the mutated store, useTicketQuery.ts:24-26)","duration":29.17609999999968,"failureMessages":["Error: Expect test to fail\n    at runTest (file:///D:/ComfyUI/ticketsec-arm64-dashboard/node_modules/@vitest/runner/dist/chunk-artifact.js:3041:31)\n    at processTicksAndRejections (node:internal/process/task_queues:104:5)\n    at file:///D:/ComfyUI/ticketsec-arm64-dashboard/node_modules/@vitest/runner/dist/chunk-artifact.js:3159:10\n    at callAroundHooks (file:///D:/ComfyUI/ticketsec-arm64-dashboard/node_modules/@vitest/runner/dist/chunk-artifact.js:2663:3)\n    at callAroundAllHooks (file:///D:/ComfyUI/ticketsec-arm64-dashboard/node_modules/@vitest/runner/dist/chunk-artifact.js:2791:2)\n    at runSuite (file:///D:/ComfyUI/ticketsec-arm64-dashboard/node_modules/@vitest/runner/dist/chunk-artifact.js:3130:4)\n    at file:///D:/ComfyUI/ticketsec-arm64-dashboard/node_modules/@vitest/runner/dist/chunk-artifact.js:3159:10\n    at callAroundHooks (file:///D:/ComfyUI/ticketsec-arm64-dashboard/node_modules/@vitest/runner/dist/chunk-artifact.js:2663:3)\n    at callAroundAllHooks (file:///D:/ComfyUI/ticketsec-arm64-dashboard/node_modules/@vitest/runner/dist/chunk-artifact.js:2791:2)\n    at runSuite (file:///D:/ComfyUI/ticketsec-arm64-dashboard/node_modules/@vitest/runner/dist/chunk-artifact.js:3130:4)"],"meta":{},"tags":[]},{"ancestorTitles":["BROKEN stores (mutated same-identity snapshot — FIX-01 mechanism)"],"fullName":"BROKEN stores (mutated same-identity snapshot — FIX-01 mechanism) FIX-01: useApi must leave checking=false after a failed probe settles (the S1 stuck \"Checking…\" pill, useApi.ts:108-110)","status":"failed","title":"FIX-01: useApi must leave checking=false after a failed probe settles (the S1 stuck \"Checking…\" pill, useApi.ts:108-110)","duration":8.393399999999929,"failureMessages":["Error: Expect test to fail\n    at runTest (file:///D:/ComfyUI/ticketsec-arm64-dashboard/node_modules/@vitest/runner/dist/chunk-artifact.js:3041:31)\n    at file:///D:/ComfyUI/ticketsec-arm64-dashboard/node_modules/@vitest/runner/dist/chunk-artifact.js:3159:10\n    at callAroundHooks (file:///D:/ComfyUI/ticketsec-arm64-dashboard/node_modules/@vitest/runner/dist/chunk-artifact.js:2663:3)\n    at callAroundAllHooks (file:///D:/ComfyUI/ticketsec-arm64-dashboard/node_modules/@vitest/runner/dist/chunk-artifact.js:2791:2)\n    at runSuite (file:///D:/ComfyUI/ticketsec-arm64-dashboard/node_modules/@vitest/runner/dist/chunk-artifact.js:3130:4)\n    at file:///D:/ComfyUI/ticketsec-arm64-dashboard/node_modules/@vitest/runner/dist/chunk-artifact.js:3159:10\n    at callAroundHooks (file:///D:/ComfyUI/ticketsec-arm64-dashboard/node_modules/@vitest/runner/dist/chunk-artifact.js:2663:3)\n    at callAroundAllHooks (file:///D:/ComfyUI/ticketsec-arm64-dashboard/node_modules/@vitest/runner/dist/chunk-artifact.js:2791:2)\n    at runSuite (file:///D:/ComfyUI/ticketsec-arm64-dashboard/node_modules/@vitest/runner/dist/chunk-artifact.js:3130:4)\n    at runFiles (file:///D:/ComfyUI/ticketsec-arm64-dashboard/node_modules/@vitest/runner/dist/chunk-artifact.js:3240:3)"],"meta":{},"tags":[]},{"ancestorTitles":["BROKEN stores (mutated same-identity snapshot — FIX-01 mechanism)"],"fullName":"BROKEN stores (mutated same-identity snapshot — FIX-01 mechanism) FIX-01: useEventLog must propagate appended entries (the frozen Event Log, useEventLog.ts:99-101)","status":"failed","title":"FIX-01: useEventLog must propagate appended entries (the frozen Event Log, useEventLog.ts:99-101)","duration":7.624700000000303,"failureMessages":["Error: Expect test to fail\n    at runTest (file:///D:/ComfyUI/ticketsec-arm64-dashboard/node_modules/@vitest/runner/dist/chunk-artifact.js:3041:31)\n    at file:///D:/ComfyUI/ticketsec-arm64-dashboard/node_modules/@vitest/runner/dist/chunk-artifact.js:3159:10\n    at callAroundHooks (file:///D:/ComfyUI/ticketsec-arm64-dashboard/node_modules/@vitest/runner/dist/chunk-artifact.js:2663:3)\n    at callAroundAllHooks (file:///D:/ComfyUI/ticketsec-arm64-dashboard/node_modules/@vitest/runner/dist/chunk-artifact.js:2791:2)\n    at runSuite (file:///D:/ComfyUI/ticketsec-arm64-dashboard/node_modules/@vitest/runner/dist/chunk-artifact.js:3130:4)\n    at file:///D:/ComfyUI/ticketsec-arm64-dashboard/node_modules/@vitest/runner/dist/chunk-artifact.js:3159:10\n    at callAroundHooks (file:///D:/ComfyUI/ticketsec-arm64-dashboard/node_modules/@vitest/runner/dist/chunk-artifact.js:2663:3)\n    at callAroundAllHooks (file:///D:/ComfyUI/ticketsec-arm64-dashboard/node_modules/@vitest/runner/dist/chunk-artifact.js:2791:2)\n    at runSuite (file:///D:/ComfyUI/ticketsec-arm64-dashboard/node_modules/@vitest/runner/dist/chunk-artifact.js:3130:4)\n    at runFiles (file:///D:/ComfyUI/ticketsec-arm64-dashboard/node_modules/@vitest/runner/dist/chunk-artifact.js:3240:3)"],"meta":{},"tags":[]},{"ancestorTitles":["BROKEN stores (mutated same-identity snapshot — FIX-01 mechanism)"],"fullName":"BROKEN stores (mutated same-identity snapshot — FIX-01 mechanism) documents the broken behavior: mutation lands in the store but is never published (stale snapshot until an unrelated re-render)","status":"failed","title":"documents the broken behavior: mutation lands in the store but is never published (stale snapshot until an unrelated re-render)","duration":19.86319999999978,"failureMessages":["AssertionError: expected 'live' to be 'offline' // Object.is equality\n    at D:/ComfyUI/ticketsec-arm64-dashboard/tests/hooks/storeIdentity.test.tsx:105:35\n    at file:///D:/ComfyUI/ticketsec-arm64-dashboard/node_modules/@vitest/runner/dist/chunk-artifact.js:1903:20"],"meta":{},"tags":[]},{"ancestorTitles":["HEALTHY stores (immutable snapshot — control group)"],"fullName":"HEALTHY stores (immutable snapshot — control group) useTickets propagates adds (array replaced immutably)","status":"passed","title":"useTickets propagates adds (array replaced immutably)","duration":3.3820999999998094,"failureMessages":[],"meta":{},"tags":[]},{"ancestorTitles":["HEALTHY stores (immutable snapshot — control group)"],"fullName":"HEALTHY stores (immutable snapshot — control group) useSettings propagates setApiBase (settings object replaced)","status":"passed","title":"useSettings propagates setApiBase (settings object replaced)","duration":3.928200000000288,"failureMessages":[],"meta":{},"tags":[]}],"startTime":1784323016403,"endTime":1784323016475.9282,"status":"failed","message":"","name":"D:/ComfyUI/ticketsec-arm64-dashboard/tests/hooks/storeIdentity.test.tsx"},{"assertionResults":[{"ancestorTitles":["probeApiBase — three-endpoint health probe (S6: /health, /, /docs)"],"fullName":"probeApiBase — three-endpoint health probe (S6: /health, /, /docs) probes /health, / and /docs under the given base","status":"passed","title":"probes /health, / and /docs under the given base","duration":5.760400000000118,"failureMessages":[],"meta":{},"tags":[]},{"ancestorTitles":["probeApiBase — three-endpoint health probe (S6: /health, /, /docs)"],"fullName":"probeApiBase — three-endpoint health probe (S6: /health, /, /docs) all endpoints failing → ok:false with the first failure error surfaced","status":"passed","title":"all endpoints failing → ok:false with the first failure error surfaced","duration":2.296400000000176,"failureMessages":[],"meta":{},"tags":[]},{"ancestorTitles":["probeApiBase — three-endpoint health probe (S6: /health, /, /docs)"],"fullName":"probeApiBase — three-endpoint health probe (S6: /health, /, /docs) any single healthy endpoint → online (ok:true)","status":"passed","title":"any single healthy endpoint → online (ok:true)","duration":5.151899999999841,"failureMessages":[],"meta":{},"tags":[]},{"ancestorTitles":["probeApiBase — three-endpoint health probe (S6: /health, /, /docs)"],"fullName":"probeApiBase — three-endpoint health probe (S6: /health, /, /docs) HTTP 500 on all → ok:false with \"HTTP 500\" errors","status":"passed","title":"HTTP 500 on all → ok:false with \"HTTP 500\" errors","duration":1.4979000000002998,"failureMessages":[],"meta":{},"tags":[]},{"ancestorTitles":["checkHealth — offline honesty (no cache yet)"],"fullName":"checkHealth — offline honesty (no cache yet) failed probe → status \"offline\" (NOT \"cached\"), diagnostics populated","status":"failed","title":"failed probe → status \"offline\" (NOT \"cached\"), diagnostics populated","duration":41.73189999999977,"failureMessages":["AssertionError: expected true to be false // Object.is equality\n    at D:/ComfyUI/ticketsec-arm64-dashboard/tests/hooks/useApi.test.tsx:103:28\n    at processTicksAndRejections (node:internal/process/task_queues:104:5)\n    at file:///D:/ComfyUI/ticketsec-arm64-dashboard/node_modules/@vitest/runner/dist/chunk-artifact.js:1903:20"],"meta":{},"tags":[]},{"ancestorTitles":["checkHealth — offline honesty (no cache yet)"],"fullName":"checkHealth — offline honesty (no cache yet) concurrent checkHealth calls are guarded (isProbing, useApi.ts:175)","status":"failed","title":"concurrent checkHealth calls are guarded (isProbing, useApi.ts:175)","duration":3.7677999999996246,"failureMessages":["AssertionError: expected [ …(9) ] to have a length of 3 but got 9\n    at Proxy.<anonymous> (file:///D:/ComfyUI/ticketsec-arm64-dashboard/node_modules/@vitest/expect/dist/index.js:1389:20)\n    at Proxy.<anonymous> (file:///D:/ComfyUI/ticketsec-arm64-dashboard/node_modules/@vitest/expect/dist/index.js:1156:15)\n    at Proxy.methodWrapper (file:///D:/ComfyUI/ticketsec-arm64-dashboard/node_modules/chai/index.js:1700:25)\n    at D:/ComfyUI/ticketsec-arm64-dashboard/tests/hooks/useApi.test.tsx:111:29\n    at processTicksAndRejections (node:internal/process/task_queues:104:5)\n    at file:///D:/ComfyUI/ticketsec-arm64-dashboard/node_modules/@vitest/runner/dist/chunk-artifact.js:1903:20"],"meta":{},"tags":[]},{"ancestorTitles":["data getters — cache fallback honesty"],"fullName":"data getters — cache fallback honesty empty cache + failure → empty arrays, never fabricated data","status":"passed","title":"empty cache + failure → empty arrays, never fabricated data","duration":3.2322000000003754,"failureMessages":[],"meta":{},"tags":[]},{"ancestorTitles":["data getters — cache fallback honesty"],"fullName":"data getters — cache fallback honesty successful fetch fills the cache; later failure serves the CACHED copy","status":"passed","title":"successful fetch fills the cache; later failure serves the CACHED copy","duration":3.8236000000006243,"failureMessages":[],"meta":{},"tags":[]},{"ancestorTitles":["data getters — cache fallback honesty"],"fullName":"data getters — cache fallback honesty with cache present, a failed probe flips status to \"cached\" (amber CACHED state)","status":"passed","title":"with cache present, a failed probe flips status to \"cached\" (amber CACHED state)","duration":4.998700000000099,"failureMessages":[],"meta":{},"tags":[]},{"ancestorTitles":["predict — classify path honesty"],"fullName":"predict — classify path honesty POSTs { text } to <base>/predict","status":"passed","title":"POSTs { text } to <base>/predict","duration":1.5137000000004264,"failureMessages":[],"meta":{},"tags":[]},{"ancestorTitles":["predict — classify path honesty"],"fullName":"predict — classify path honesty success returns the API result and flips status live (lastSync set)","status":"passed","title":"success returns the API result and flips status live (lastSync set)","duration":5.9286999999994805,"failureMessages":[],"meta":{},"tags":[]},{"ancestorTitles":["predict — classify path honesty"],"fullName":"predict — classify path honesty network failure → null (NO fabricated category/confidence), real error stored","status":"passed","title":"network failure → null (NO fabricated category/confidence), real error stored","duration":4.172700000000077,"failureMessages":[],"meta":{},"tags":[]},{"ancestorTitles":["predict — classify path honesty"],"fullName":"predict — classify path honesty HTTP 500 → null with \"HTTP 500\" error","status":"passed","title":"HTTP 500 → null with \"HTTP 500\" error","duration":5.3034999999999854,"failureMessages":[],"meta":{},"tags":[]}],"startTime":1784323016401,"endTime":1784323016491.3035,"status":"failed","message":"","name":"D:/ComfyUI/ticketsec-arm64-dashboard/tests/hooks/useApi.test.tsx"},{"assertionResults":[{"ancestorTitles":["probe timeout — settles (refutes \"never settles\"; refines FIX-01)"],"fullName":"probe timeout — settles (refutes \"never settles\"; refines FIX-01) a hanging fetch is aborted at 10s and the probe lock is released","status":"passed","title":"a hanging fetch is aborted at 10s and the probe lock is released","duration":42.955699999999524,"failureMessages":[],"meta":{},"tags":[]},{"ancestorTitles":["auto-recovery backoff schedule — real, deterministic (no jitter)"],"fullName":"auto-recovery backoff schedule — real, deterministic (no jitter) probe rounds land at 30s, 150s, 390s, 690s, 990s (30s×1,4,8,10,10 after the first)","status":"failed","title":"probe rounds land at 30s, 150s, 390s, 690s, 990s (30s×1,4,8,10,10 after the first)","duration":32.88940000000002,"failureMessages":["AssertionError: expected \"vi.fn()\" to be called 6 times, but got 12 times\n    at D:/ComfyUI/ticketsec-arm64-dashboard/tests/hooks/useApiBackoff.test.tsx:95:23\n    at file:///D:/ComfyUI/ticketsec-arm64-dashboard/node_modules/@vitest/runner/dist/chunk-artifact.js:1903:20"],"meta":{},"tags":[]},{"ancestorTitles":["auto-recovery backoff schedule — real, deterministic (no jitter)"],"fullName":"auto-recovery backoff schedule — real, deterministic (no jitter) does not probe again before the backoff elapses","status":"failed","title":"does not probe again before the backoff elapses","duration":8.965299999999843,"failureMessages":["AssertionError: expected \"vi.fn()\" to be called 3 times, but got 12 times\n    at D:/ComfyUI/ticketsec-arm64-dashboard/tests/hooks/useApiBackoff.test.tsx:130:23\n    at file:///D:/ComfyUI/ticketsec-arm64-dashboard/node_modules/@vitest/runner/dist/chunk-artifact.js:1903:20"],"meta":{},"tags":[]}],"startTime":1784323016347,"endTime":1784323016432.9653,"status":"failed","message":"","name":"D:/ComfyUI/ticketsec-arm64-dashboard/tests/hooks/useApiBackoff.test.tsx"},{"assertionResults":[{"ancestorTitles":["seedTickets"],"fullName":"seedTickets sorts newest-first by createdAt","status":"passed","title":"sorts newest-first by createdAt","duration":26.874700000000303,"failureMessages":[],"meta":{},"tags":[]},{"ancestorTitles":["seedTickets"],"fullName":"seedTickets tickets propagate to subscribers (immutable array identity — the one store that does)","status":"passed","title":"tickets propagate to subscribers (immutable array identity — the one store that does)","duration":6.115600000000086,"failureMessages":[],"meta":{},"tags":[]},{"ancestorTitles":["seedTickets"],"fullName":"seedTickets sets nextId to max numeric id + 1 (ignores non-matching ids)","status":"passed","title":"sets nextId to max numeric id + 1 (ignores non-matching ids)","duration":0.6058000000002721,"failureMessages":[],"meta":{},"tags":[]},{"ancestorTitles":["seedTickets"],"fullName":"seedTickets empty seed resets nextId to the 8467 floor","status":"passed","title":"empty seed resets nextId to the 8467 floor","duration":0.4377999999996973,"failureMessages":[],"meta":{},"tags":[]},{"ancestorTitles":["addTicket — monotonic ID contract (the REAL ids.ts)"],"fullName":"addTicket — monotonic ID contract (the REAL ids.ts) issues strictly increasing ids within a session","status":"passed","title":"issues strictly increasing ids within a session","duration":0.7079000000003361,"failureMessages":[],"meta":{},"tags":[]},{"ancestorTitles":["addTicket — monotonic ID contract (the REAL ids.ts)"],"fullName":"addTicket — monotonic ID contract (the REAL ids.ts) is unique across 10k consecutive adds","status":"passed","title":"is unique across 10k consecutive adds","duration":416.27589999999964,"failureMessages":[],"meta":{},"tags":[]},{"ancestorTitles":["addTicket — monotonic ID contract (the REAL ids.ts)"],"fullName":"addTicket — monotonic ID contract (the REAL ids.ts) is safe past 2^31 (no int32 wrap)","status":"passed","title":"is safe past 2^31 (no int32 wrap)","duration":0.6457999999993262,"failureMessages":[],"meta":{},"tags":[]},{"ancestorTitles":["addTicket — monotonic ID contract (the REAL ids.ts)"],"fullName":"addTicket — monotonic ID contract (the REAL ids.ts) prepends new tickets (newest first) and defaults createdAt to now","status":"passed","title":"prepends new tickets (newest first) and defaults createdAt to now","duration":0.4022000000004482,"failureMessages":[],"meta":{},"tags":[]},{"ancestorTitles":["addTicket — monotonic ID contract (the REAL ids.ts)"],"fullName":"addTicket — monotonic ID contract (the REAL ids.ts) EXPOSED-03: duplicate explicit ids are accepted — addTicket never checks/uniquifies (React key collision at ClassificationTable.tsx:267)","status":"passed","title":"EXPOSED-03: duplicate explicit ids are accepted — addTicket never checks/uniquifies (React key collision at ClassificationTable.tsx:267)","duration":9.138300000000527,"failureMessages":[],"meta":{},"tags":[]},{"ancestorTitles":["addTicket — monotonic ID contract (the REAL ids.ts)"],"fullName":"addTicket — monotonic ID contract (the REAL ids.ts) EXPOSED-03: explicit id above nextId does not advance the counter — later auto ids can collide with it","status":"passed","title":"EXPOSED-03: explicit id above nextId does not advance the counter — later auto ids can collide with it","duration":1.426100000000588,"failureMessages":[],"meta":{},"tags":[]},{"ancestorTitles":["loadTicketSnapshot — REAL snapshot shape (array + minutesAgo)"],"fullName":"loadTicketSnapshot — REAL snapshot shape (array + minutesAgo) loads the real snapshot, preserves ids, derives createdAt from minutesAgo","status":"passed","title":"loads the real snapshot, preserves ids, derives createdAt from minutesAgo","duration":5.680000000000291,"failureMessages":[],"meta":{},"tags":[]},{"ancestorTitles":["loadTicketSnapshot — REAL snapshot shape (array + minutesAgo)"],"fullName":"loadTicketSnapshot — REAL snapshot shape (array + minutesAgo) returns false on HTTP error and leaves the store unchanged","status":"passed","title":"returns false on HTTP error and leaves the store unchanged","duration":1.4221999999999753,"failureMessages":[],"meta":{},"tags":[]},{"ancestorTitles":["loadTicketSnapshot — REAL snapshot shape (array + minutesAgo)"],"fullName":"loadTicketSnapshot — REAL snapshot shape (array + minutesAgo) returns false on network failure (offline honesty)","status":"passed","title":"returns false on network failure (offline honesty)","duration":1.8144000000002052,"failureMessages":[],"meta":{},"tags":[]}],"startTime":1784323016393,"endTime":1784323016865.8145,"status":"passed","message":"","name":"D:/ComfyUI/ticketsec-arm64-dashboard/tests/hooks/useTickets.test.ts"}]}